undefined
[[11:34:41.385]] [LOG]   Running as compiled file
[[11:34:41.827]] [LOG]   Serving Server config from database
[[11:34:41.831]] [LOG]   Checking alternate jobfetcher C:\dev\CAMBRI~3\FFASTR~2\alternate-server\jobfetcher.js
[[11:34:41.837]] [LOG]   NOT running on alternate-server, getting about
[[11:34:42.868]] [LOG]   [32mHello and welcome, thank you for using FFAStrans
[[11:34:42.874]] [LOG]   [36mRunning on http://localhost:3002[0m
[[11:34:42.904]] [LOG]   Starting up REST API on Port 3003
[[11:34:42.904]] [LOG]   calling http://twi19ztf1c01.prod.orfnet.at,twi19ztf1c02.prod.orfnet.at:8649/api/json/v2/about
[[11:34:42.921]] [LOG]   calling http://twi19ztf1c01.prod.orfnet.at,twi19ztf1c02.prod.orfnet.at:8649/api/json/v2/about
[[11:34:42.926]] [LOG]   calling http://twi19ztf1c01.prod.orfnet.at,twi19ztf1c02.prod.orfnet.at:8649/api/json/v2/about
[[11:34:42.930]] [LOG]   calling http://twi19ztf1c01.prod.orfnet.at,twi19ztf1c02.prod.orfnet.at:8649/api/json/v2/about
[[11:34:42.934]] [LOG]   calling http://twi19ztf1c01.prod.orfnet.at,twi19ztf1c02.prod.orfnet.at:8649/api/json/v2/about
[[11:34:42.938]] [LOG]   calling http://twi19ztf1c01.prod.orfnet.at,twi19ztf1c02.prod.orfnet.at:8649/api/json/v2/about
[[11:34:42.942]] [LOG]   calling http://twi19ztf1c01.prod.orfnet.at,twi19ztf1c02.prod.orfnet.at:8649/api/json/v2/about
[[11:34:42.946]] [LOG]   calling http://twi19ztf1c01.prod.orfnet.at,twi19ztf1c02.prod.orfnet.at:8649/api/json/v2/about
[[11:34:42.950]] [LOG]   calling http://twi19ztf1c01.prod.orfnet.at,twi19ztf1c02.prod.orfnet.at:8649/api/json/v2/about
[[11:34:42.953]] [LOG]   calling http://twi19ztf1c01.prod.orfnet.at,twi19ztf1c02.prod.orfnet.at:8649/api/json/v2/about
[[11:34:42.957]] [LOG]   calling http://twi19ztf1c01.prod.orfnet.at,twi19ztf1c02.prod.orfnet.at:8649/api/json/v2/about
[[11:34:42.961]] [LOG]   calling http://twi19ztf1c01.prod.orfnet.at,twi19ztf1c02.prod.orfnet.at:8649/api/json/v2/about
[[11:34:42.964]] [LOG]   calling http://twi19ztf1c01.prod.orfnet.at,twi19ztf1c02.prod.orfnet.at:8649/api/json/v2/about
[[11:34:42.968]] [LOG]   calling http://twi19ztf1c01.prod.orfnet.at,twi19ztf1c02.prod.orfnet.at:8649/api/json/v2/about
[[11:34:42.972]] [LOG]   calling http://twi19ztf1c01.prod.orfnet.at,twi19ztf1c02.prod.orfnet.at:8649/api/json/v2/about
[[11:34:42.976]] [LOG]   calling http://twi19ztf1c01.prod.orfnet.at,twi19ztf1c02.prod.orfnet.at:8649/api/json/v2/about
[[11:34:42.979]] [LOG]   calling http://twi19ztf1c01.prod.orfnet.at,twi19ztf1c02.prod.orfnet.at:8649/api/json/v2/about
[[11:34:42.983]] [LOG]   calling http://twi19ztf1c01.prod.orfnet.at,twi19ztf1c02.prod.orfnet.at:8649/api/json/v2/about
[[11:34:42.987]] [LOG]   calling http://twi19ztf1c01.prod.orfnet.at,twi19ztf1c02.prod.orfnet.at:8649/api/json/v2/about
[[11:34:42.991]] [LOG]   calling http://twi19ztf1c01.prod.orfnet.at,twi19ztf1c02.prod.orfnet.at:8649/api/json/v2/about
[[11:34:42.994]] [LOG]   calling http://twi19ztf1c01.prod.orfnet.at,twi19ztf1c02.prod.orfnet.at:8649/api/json/v2/about
[[11:34:43.002]] [LOG]   calling http://twi19ztf1c01.prod.orfnet.at,twi19ztf1c02.prod.orfnet.at:8649/api/json/v2/about
[[11:34:43.008]] [LOG]   calling http://twi19ztf1c01.prod.orfnet.at,twi19ztf1c02.prod.orfnet.at:8649/api/json/v2/about
[[11:34:43.012]] [LOG]   calling http://twi19ztf1c01.prod.orfnet.at,twi19ztf1c02.prod.orfnet.at:8649/api/json/v2/about
[[11:34:43.015]] [LOG]   calling http://twi19ztf1c01.prod.orfnet.at,twi19ztf1c02.prod.orfnet.at:8649/api/json/v2/about
[[11:34:43.019]] [LOG]   calling http://twi19ztf1c01.prod.orfnet.at,twi19ztf1c02.prod.orfnet.at:8649/api/json/v2/about
[[11:34:43.023]] [LOG]   calling http://twi19ztf1c01.prod.orfnet.at,twi19ztf1c02.prod.orfnet.at:8649/api/json/v2/about
[[11:34:43.026]] [LOG]   calling http://twi19ztf1c01.prod.orfnet.at,twi19ztf1c02.prod.orfnet.at:8649/api/json/v2/about
[[11:34:43.030]] [LOG]   calling http://twi19ztf1c01.prod.orfnet.at,twi19ztf1c02.prod.orfnet.at:8649/api/json/v2/about
[[11:34:43.033]] [LOG]   calling http://twi19ztf1c01.prod.orfnet.at,twi19ztf1c02.prod.orfnet.at:8649/api/json/v2/about
[[11:34:43.036]] [LOG]   calling http://twi19ztf1c01.prod.orfnet.at,twi19ztf1c02.prod.orfnet.at:8649/api/json/v2/about
[[11:34:43.040]] [LOG]   calling http://twi19ztf1c01.prod.orfnet.at,twi19ztf1c02.prod.orfnet.at:8649/api/json/v2/about
[[11:34:43.043]] [LOG]   calling http://twi19ztf1c01.prod.orfnet.at,twi19ztf1c02.prod.orfnet.at:8649/api/json/v2/about
[[11:34:43.047]] [LOG]   calling http://twi19ztf1c01.prod.orfnet.at,twi19ztf1c02.prod.orfnet.at:8649/api/json/v2/about
[[11:34:43.050]] [LOG]   calling http://twi19ztf1c01.prod.orfnet.at,twi19ztf1c02.prod.orfnet.at:8649/api/json/v2/about
[[11:34:43.054]] [LOG]   calling http://twi19ztf1c01.prod.orfnet.at,twi19ztf1c02.prod.orfnet.at:8649/api/json/v2/about
[[11:34:43.057]] [LOG]   calling http://twi19ztf1c01.prod.orfnet.at,twi19ztf1c02.prod.orfnet.at:8649/api/json/v2/about
[[11:34:43.061]] [LOG]   calling http://twi19ztf1c01.prod.orfnet.at,twi19ztf1c02.prod.orfnet.at:8649/api/json/v2/about
[[11:34:43.064]] [LOG]   calling http://twi19ztf1c01.prod.orfnet.at,twi19ztf1c02.prod.orfnet.at:8649/api/json/v2/about
[[11:34:43.067]] [LOG]   calling http://twi19ztf1c01.prod.orfnet.at,twi19ztf1c02.prod.orfnet.at:8649/api/json/v2/about
[[11:34:43.071]] [LOG]   calling http://twi19ztf1c01.prod.orfnet.at,twi19ztf1c02.prod.orfnet.at:8649/api/json/v2/about
[[11:34:43.074]] [LOG]   calling http://twi19ztf1c01.prod.orfnet.at,twi19ztf1c02.prod.orfnet.at:8649/api/json/v2/about
[[11:34:43.078]] [LOG]   calling http://twi19ztf1c01.prod.orfnet.at,twi19ztf1c02.prod.orfnet.at:8649/api/json/v2/about
[[11:34:43.081]] [LOG]   calling http://twi19ztf1c01.prod.orfnet.at,twi19ztf1c02.prod.orfnet.at:8649/api/json/v2/about
[[11:34:43.084]] [LOG]   calling http://twi19ztf1c01.prod.orfnet.at,twi19ztf1c02.prod.orfnet.at:8649/api/json/v2/about
[[11:34:43.088]] [LOG]   calling http://twi19ztf1c01.prod.orfnet.at,twi19ztf1c02.prod.orfnet.at:8649/api/json/v2/about
[[11:34:43.091]] [LOG]   calling http://twi19ztf1c01.prod.orfnet.at,twi19ztf1c02.prod.orfnet.at:8649/api/json/v2/about
[[11:34:43.099]] [LOG]   calling http://twi19ztf1c01.prod.orfnet.at,twi19ztf1c02.prod.orfnet.at:8649/api/json/v2/about
[[11:34:43.102]] [LOG]   calling http://twi19ztf1c01.prod.orfnet.at,twi19ztf1c02.prod.orfnet.at:8649/api/json/v2/about
[[11:34:43.106]] [LOG]   calling http://twi19ztf1c01.prod.orfnet.at,twi19ztf1c02.prod.orfnet.at:8649/api/json/v2/about
[[11:34:43.109]] [LOG]   calling http://twi19ztf1c01.prod.orfnet.at,twi19ztf1c02.prod.orfnet.at:8649/api/json/v2/about
[[11:34:43.113]] [LOG]   calling http://twi19ztf1c01.prod.orfnet.at,twi19ztf1c02.prod.orfnet.at:8649/api/json/v2/about
[[11:34:43.117]] [LOG]   calling http://twi19ztf1c01.prod.orfnet.at,twi19ztf1c02.prod.orfnet.at:8649/api/json/v2/about
[[11:34:43.120]] [LOG]   calling http://twi19ztf1c01.prod.orfnet.at,twi19ztf1c02.prod.orfnet.at:8649/api/json/v2/about
[[11:34:43.124]] [LOG]   calling http://twi19ztf1c01.prod.orfnet.at,twi19ztf1c02.prod.orfnet.at:8649/api/json/v2/about
[[11:34:43.127]] [LOG]   calling http://twi19ztf1c01.prod.orfnet.at,twi19ztf1c02.prod.orfnet.at:8649/api/json/v2/about
[[11:34:43.131]] [LOG]   calling http://twi19ztf1c01.prod.orfnet.at,twi19ztf1c02.prod.orfnet.at:8649/api/json/v2/about
[[11:34:43.135]] [LOG]   calling http://twi19ztf1c01.prod.orfnet.at,twi19ztf1c02.prod.orfnet.at:8649/api/json/v2/about
[[11:34:43.138]] [LOG]   calling http://twi19ztf1c01.prod.orfnet.at,twi19ztf1c02.prod.orfnet.at:8649/api/json/v2/about
[[11:34:43.142]] [LOG]   calling http://twi19ztf1c01.prod.orfnet.at,twi19ztf1c02.prod.orfnet.at:8649/api/json/v2/about
[[11:34:43.145]] [LOG]   calling http://twi19ztf1c01.prod.orfnet.at,twi19ztf1c02.prod.orfnet.at:8649/api/json/v2/about
[[11:34:43.149]] [LOG]   calling http://twi19ztf1c01.prod.orfnet.at,twi19ztf1c02.prod.orfnet.at:8649/api/json/v2/about
[[11:34:43.152]] [LOG]   calling http://twi19ztf1c01.prod.orfnet.at,twi19ztf1c02.prod.orfnet.at:8649/api/json/v2/about
[[11:34:43.156]] [LOG]   calling http://twi19ztf1c01.prod.orfnet.at,twi19ztf1c02.prod.orfnet.at:8649/api/json/v2/about
[[11:34:43.159]] [LOG]   calling http://twi19ztf1c01.prod.orfnet.at,twi19ztf1c02.prod.orfnet.at:8649/api/json/v2/about
[[11:34:43.162]] [LOG]   calling http://twi19ztf1c01.prod.orfnet.at,twi19ztf1c02.prod.orfnet.at:8649/api/json/v2/about
[[11:34:43.166]] [LOG]   calling http://twi19ztf1c01.prod.orfnet.at,twi19ztf1c02.prod.orfnet.at:8649/api/json/v2/about
[[11:34:43.169]] [LOG]   calling http://twi19ztf1c01.prod.orfnet.at,twi19ztf1c02.prod.orfnet.at:8649/api/json/v2/about
[[11:34:43.173]] [LOG]   calling http://twi19ztf1c01.prod.orfnet.at,twi19ztf1c02.prod.orfnet.at:8649/api/json/v2/about
[[11:34:43.176]] [LOG]   calling http://twi19ztf1c01.prod.orfnet.at,twi19ztf1c02.prod.orfnet.at:8649/api/json/v2/about
[[11:34:43.179]] [LOG]   calling http://twi19ztf1c01.prod.orfnet.at,twi19ztf1c02.prod.orfnet.at:8649/api/json/v2/about
[[11:34:43.183]] [LOG]   calling http://twi19ztf1c01.prod.orfnet.at,twi19ztf1c02.prod.orfnet.at:8649/api/json/v2/about
[[11:34:43.186]] [LOG]   calling http://twi19ztf1c01.prod.orfnet.at,twi19ztf1c02.prod.orfnet.at:8649/api/json/v2/about
[[11:34:43.189]] [LOG]   calling http://twi19ztf1c01.prod.orfnet.at,twi19ztf1c02.prod.orfnet.at:8649/api/json/v2/about
[[11:34:43.193]] [LOG]   calling http://twi19ztf1c01.prod.orfnet.at,twi19ztf1c02.prod.orfnet.at:8649/api/json/v2/about
[[11:34:43.196]] [LOG]   calling http://twi19ztf1c01.prod.orfnet.at,twi19ztf1c02.prod.orfnet.at:8649/api/json/v2/about
[[11:34:43.201]] [LOG]   calling http://twi19ztf1c01.prod.orfnet.at,twi19ztf1c02.prod.orfnet.at:8649/api/json/v2/about
[[11:34:43.205]] [LOG]   calling http://twi19ztf1c01.prod.orfnet.at,twi19ztf1c02.prod.orfnet.at:8649/api/json/v2/about
[[11:34:43.208]] [LOG]   calling http://twi19ztf1c01.prod.orfnet.at,twi19ztf1c02.prod.orfnet.at:8649/api/json/v2/about
[[11:34:43.212]] [LOG]   calling http://twi19ztf1c01.prod.orfnet.at,twi19ztf1c02.prod.orfnet.at:8649/api/json/v2/about
[[11:34:43.215]] [LOG]   calling http://twi19ztf1c01.prod.orfnet.at,twi19ztf1c02.prod.orfnet.at:8649/api/json/v2/about
[[11:34:43.219]] [LOG]   calling http://twi19ztf1c01.prod.orfnet.at,twi19ztf1c02.prod.orfnet.at:8649/api/json/v2/about
[[11:34:43.222]] [LOG]   calling http://twi19ztf1c01.prod.orfnet.at,twi19ztf1c02.prod.orfnet.at:8649/api/json/v2/about
[[11:34:43.225]] [LOG]   calling http://twi19ztf1c01.prod.orfnet.at,twi19ztf1c02.prod.orfnet.at:8649/api/json/v2/about
[[11:34:43.229]] [LOG]   calling http://twi19ztf1c01.prod.orfnet.at,twi19ztf1c02.prod.orfnet.at:8649/api/json/v2/about
[[11:34:43.232]] [LOG]   calling http://twi19ztf1c01.prod.orfnet.at,twi19ztf1c02.prod.orfnet.at:8649/api/json/v2/about
[[11:34:43.235]] [LOG]   calling http://twi19ztf1c01.prod.orfnet.at,twi19ztf1c02.prod.orfnet.at:8649/api/json/v2/about
[[11:34:43.239]] [LOG]   calling http://twi19ztf1c01.prod.orfnet.at,twi19ztf1c02.prod.orfnet.at:8649/api/json/v2/about
[[11:34:43.242]] [LOG]   calling http://twi19ztf1c01.prod.orfnet.at,twi19ztf1c02.prod.orfnet.at:8649/api/json/v2/about
[[11:34:43.245]] [LOG]   calling http://twi19ztf1c01.prod.orfnet.at,twi19ztf1c02.prod.orfnet.at:8649/api/json/v2/about
[[11:34:43.249]] [LOG]   calling http://twi19ztf1c01.prod.orfnet.at,twi19ztf1c02.prod.orfnet.at:8649/api/json/v2/about
[[11:34:43.252]] [LOG]   calling http://twi19ztf1c01.prod.orfnet.at,twi19ztf1c02.prod.orfnet.at:8649/api/json/v2/about
[[11:34:43.256]] [LOG]   calling http://twi19ztf1c01.prod.orfnet.at,twi19ztf1c02.prod.orfnet.at:8649/api/json/v2/about
[[11:34:43.262]] [LOG]   calling http://twi19ztf1c01.prod.orfnet.at,twi19ztf1c02.prod.orfnet.at:8649/api/json/v2/about
[[11:34:43.265]] [LOG]   calling http://twi19ztf1c01.prod.orfnet.at,twi19ztf1c02.prod.orfnet.at:8649/api/json/v2/about
[[11:34:43.268]] [LOG]   calling http://twi19ztf1c01.prod.orfnet.at,twi19ztf1c02.prod.orfnet.at:8649/api/json/v2/about
[[11:34:43.272]] [LOG]   calling http://twi19ztf1c01.prod.orfnet.at,twi19ztf1c02.prod.orfnet.at:8649/api/json/v2/about
[[11:34:43.275]] [LOG]   calling http://twi19ztf1c01.prod.orfnet.at,twi19ztf1c02.prod.orfnet.at:8649/api/json/v2/about
[[11:34:43.278]] [LOG]   calling http://twi19ztf1c01.prod.orfnet.at,twi19ztf1c02.prod.orfnet.at:8649/api/json/v2/about
[[11:34:43.282]] [LOG]   calling http://twi19ztf1c01.prod.orfnet.at,twi19ztf1c02.prod.orfnet.at:8649/api/json/v2/about
[[11:34:43.285]] [LOG]   calling http://twi19ztf1c01.prod.orfnet.at,twi19ztf1c02.prod.orfnet.at:8649/api/json/v2/about
[[11:34:43.288]] [LOG]   calling http://twi19ztf1c01.prod.orfnet.at,twi19ztf1c02.prod.orfnet.at:8649/api/json/v2/about
[[11:34:43.291]] [LOG]   calling http://twi19ztf1c01.prod.orfnet.at,twi19ztf1c02.prod.orfnet.at:8649/api/json/v2/about
[[11:34:43.294]] [LOG]   calling http://twi19ztf1c01.prod.orfnet.at,twi19ztf1c02.prod.orfnet.at:8649/api/json/v2/about
[[11:34:43.298]] [LOG]   calling http://twi19ztf1c01.prod.orfnet.at,twi19ztf1c02.prod.orfnet.at:8649/api/json/v2/about
[[11:34:43.301]] [LOG]   calling http://twi19ztf1c01.prod.orfnet.at,twi19ztf1c02.prod.orfnet.at:8649/api/json/v2/about
[[11:34:43.304]] [LOG]   calling http://twi19ztf1c01.prod.orfnet.at,twi19ztf1c02.prod.orfnet.at:8649/api/json/v2/about
[[11:34:43.308]] [LOG]   calling http://twi19ztf1c01.prod.orfnet.at,twi19ztf1c02.prod.orfnet.at:8649/api/json/v2/about
[[11:34:43.311]] [LOG]   calling http://twi19ztf1c01.prod.orfnet.at,twi19ztf1c02.prod.orfnet.at:8649/api/json/v2/about
[[11:34:43.315]] [LOG]   calling http://twi19ztf1c01.prod.orfnet.at,twi19ztf1c02.prod.orfnet.at:8649/api/json/v2/about
[[11:34:43.319]] [LOG]   calling http://twi19ztf1c01.prod.orfnet.at,twi19ztf1c02.prod.orfnet.at:8649/api/json/v2/about
[[11:34:43.322]] [LOG]   calling http://twi19ztf1c01.prod.orfnet.at,twi19ztf1c02.prod.orfnet.at:8649/api/json/v2/about
[[11:34:43.325]] [LOG]   calling http://twi19ztf1c01.prod.orfnet.at,twi19ztf1c02.prod.orfnet.at:8649/api/json/v2/about
[[11:34:43.328]] [LOG]   calling http://twi19ztf1c01.prod.orfnet.at,twi19ztf1c02.prod.orfnet.at:8649/api/json/v2/about
[[11:34:43.332]] [LOG]   calling http://twi19ztf1c01.prod.orfnet.at,twi19ztf1c02.prod.orfnet.at:8649/api/json/v2/about
[[11:34:43.335]] [LOG]   calling http://twi19ztf1c01.prod.orfnet.at,twi19ztf1c02.prod.orfnet.at:8649/api/json/v2/about
[[11:34:43.338]] [LOG]   calling http://twi19ztf1c01.prod.orfnet.at,twi19ztf1c02.prod.orfnet.at:8649/api/json/v2/about
[[11:34:43.341]] [LOG]   calling http://twi19ztf1c01.prod.orfnet.at,twi19ztf1c02.prod.orfnet.at:8649/api/json/v2/about
[[11:34:43.345]] [LOG]   calling http://twi19ztf1c01.prod.orfnet.at,twi19ztf1c02.prod.orfnet.at:8649/api/json/v2/about
[[11:34:43.348]] [LOG]   calling http://twi19ztf1c01.prod.orfnet.at,twi19ztf1c02.prod.orfnet.at:8649/api/json/v2/about
[[11:34:43.351]] [LOG]   calling http://twi19ztf1c01.prod.orfnet.at,twi19ztf1c02.prod.orfnet.at:8649/api/json/v2/about
[[11:34:43.354]] [LOG]   calling http://twi19ztf1c01.prod.orfnet.at,twi19ztf1c02.prod.orfnet.at:8649/api/json/v2/about
[[11:34:43.358]] [LOG]   calling http://twi19ztf1c01.prod.orfnet.at,twi19ztf1c02.prod.orfnet.at:8649/api/json/v2/about
[[11:34:43.361]] [LOG]   calling http://twi19ztf1c01.prod.orfnet.at,twi19ztf1c02.prod.orfnet.at:8649/api/json/v2/about
[[11:34:43.364]] [LOG]   calling http://twi19ztf1c01.prod.orfnet.at,twi19ztf1c02.prod.orfnet.at:8649/api/json/v2/about
[[11:34:43.368]] [LOG]   calling http://twi19ztf1c01.prod.orfnet.at,twi19ztf1c02.prod.orfnet.at:8649/api/json/v2/about
[[11:34:43.371]] [LOG]   calling http://twi19ztf1c01.prod.orfnet.at,twi19ztf1c02.prod.orfnet.at:8649/api/json/v2/about
[[11:34:43.374]] [LOG]   calling http://twi19ztf1c01.prod.orfnet.at,twi19ztf1c02.prod.orfnet.at:8649/api/json/v2/about
[[11:34:43.377]] [LOG]   calling http://twi19ztf1c01.prod.orfnet.at,twi19ztf1c02.prod.orfnet.at:8649/api/json/v2/about
[[11:34:43.380]] [LOG]   calling http://twi19ztf1c01.prod.orfnet.at,twi19ztf1c02.prod.orfnet.at:8649/api/json/v2/about
[[11:34:43.384]] [LOG]   calling http://twi19ztf1c01.prod.orfnet.at,twi19ztf1c02.prod.orfnet.at:8649/api/json/v2/about
[[11:34:43.387]] [LOG]   calling http://twi19ztf1c01.prod.orfnet.at,twi19ztf1c02.prod.orfnet.at:8649/api/json/v2/about
[[11:34:43.390]] [LOG]   calling http://twi19ztf1c01.prod.orfnet.at,twi19ztf1c02.prod.orfnet.at:8649/api/json/v2/about
[[11:34:43.394]] [LOG]   calling http://twi19ztf1c01.prod.orfnet.at,twi19ztf1c02.prod.orfnet.at:8649/api/json/v2/about
[[11:34:43.397]] [LOG]   calling http://twi19ztf1c01.prod.orfnet.at,twi19ztf1c02.prod.orfnet.at:8649/api/json/v2/about
[[11:34:43.400]] [LOG]   calling http://twi19ztf1c01.prod.orfnet.at,twi19ztf1c02.prod.orfnet.at:8649/api/json/v2/about
[[11:34:43.404]] [LOG]   calling http://twi19ztf1c01.prod.orfnet.at,twi19ztf1c02.prod.orfnet.at:8649/api/json/v2/about
[[11:34:43.407]] [LOG]   calling http://twi19ztf1c01.prod.orfnet.at,twi19ztf1c02.prod.orfnet.at:8649/api/json/v2/about
[[11:34:43.410]] [LOG]   calling http://twi19ztf1c01.prod.orfnet.at,twi19ztf1c02.prod.orfnet.at:8649/api/json/v2/about
[[11:34:43.414]] [LOG]   calling http://twi19ztf1c01.prod.orfnet.at,twi19ztf1c02.prod.orfnet.at:8649/api/json/v2/about
[[11:34:43.417]] [LOG]   calling http://twi19ztf1c01.prod.orfnet.at,twi19ztf1c02.prod.orfnet.at:8649/api/json/v2/about
[[11:34:43.423]] [LOG]   calling http://twi19ztf1c01.prod.orfnet.at,twi19ztf1c02.prod.orfnet.at:8649/api/json/v2/about
[[11:34:43.427]] [LOG]   calling http://twi19ztf1c01.prod.orfnet.at,twi19ztf1c02.prod.orfnet.at:8649/api/json/v2/about
[[11:34:43.431]] [LOG]   calling http://twi19ztf1c01.prod.orfnet.at,twi19ztf1c02.prod.orfnet.at:8649/api/json/v2/about
[[11:34:43.434]] [LOG]   calling http://twi19ztf1c01.prod.orfnet.at,twi19ztf1c02.prod.orfnet.at:8649/api/json/v2/about
[[11:34:43.437]] [LOG]   calling http://twi19ztf1c01.prod.orfnet.at,twi19ztf1c02.prod.orfnet.at:8649/api/json/v2/about
[[11:34:43.440]] [LOG]   calling http://twi19ztf1c01.prod.orfnet.at,twi19ztf1c02.prod.orfnet.at:8649/api/json/v2/about
[[11:34:43.443]] [LOG]   calling http://twi19ztf1c01.prod.orfnet.at,twi19ztf1c02.prod.orfnet.at:8649/api/json/v2/about
[[11:34:43.447]] [LOG]   calling http://twi19ztf1c01.prod.orfnet.at,twi19ztf1c02.prod.orfnet.at:8649/api/json/v2/about
[[11:34:43.453]] [LOG]   calling http://twi19ztf1c01.prod.orfnet.at,twi19ztf1c02.prod.orfnet.at:8649/api/json/v2/about
[[11:34:43.456]] [LOG]   calling http://twi19ztf1c01.prod.orfnet.at,twi19ztf1c02.prod.orfnet.at:8649/api/json/v2/about
[[11:34:43.460]] [LOG]   calling http://twi19ztf1c01.prod.orfnet.at,twi19ztf1c02.prod.orfnet.at:8649/api/json/v2/about
[[11:34:43.463]] [LOG]   calling http://twi19ztf1c01.prod.orfnet.at,twi19ztf1c02.prod.orfnet.at:8649/api/json/v2/about
[[11:34:43.467]] [LOG]   calling http://twi19ztf1c01.prod.orfnet.at,twi19ztf1c02.prod.orfnet.at:8649/api/json/v2/about
[[11:34:43.470]] [LOG]   calling http://twi19ztf1c01.prod.orfnet.at,twi19ztf1c02.prod.orfnet.at:8649/api/json/v2/about
[[11:34:43.473]] [LOG]   calling http://twi19ztf1c01.prod.orfnet.at,twi19ztf1c02.prod.orfnet.at:8649/api/json/v2/about
[[11:34:43.476]] [LOG]   calling http://twi19ztf1c01.prod.orfnet.at,twi19ztf1c02.prod.orfnet.at:8649/api/json/v2/about
[[11:34:43.479]] [LOG]   calling http://twi19ztf1c01.prod.orfnet.at,twi19ztf1c02.prod.orfnet.at:8649/api/json/v2/about
[[11:34:43.482]] [LOG]   calling http://twi19ztf1c01.prod.orfnet.at,twi19ztf1c02.prod.orfnet.at:8649/api/json/v2/about
[[11:34:43.485]] [LOG]   calling http://twi19ztf1c01.prod.orfnet.at,twi19ztf1c02.prod.orfnet.at:8649/api/json/v2/about
[[11:34:43.488]] [LOG]   calling http://twi19ztf1c01.prod.orfnet.at,twi19ztf1c02.prod.orfnet.at:8649/api/json/v2/about
[[11:34:43.491]] [LOG]   calling http://twi19ztf1c01.prod.orfnet.at,twi19ztf1c02.prod.orfnet.at:8649/api/json/v2/about
[[11:34:43.494]] [LOG]   calling http://twi19ztf1c01.prod.orfnet.at,twi19ztf1c02.prod.orfnet.at:8649/api/json/v2/about
[[11:34:43.497]] [LOG]   calling http://twi19ztf1c01.prod.orfnet.at,twi19ztf1c02.prod.orfnet.at:8649/api/json/v2/about
[[11:34:43.500]] [LOG]   calling http://twi19ztf1c01.prod.orfnet.at,twi19ztf1c02.prod.orfnet.at:8649/api/json/v2/about
[[11:34:43.503]] [LOG]   calling http://twi19ztf1c01.prod.orfnet.at,twi19ztf1c02.prod.orfnet.at:8649/api/json/v2/about
[[11:34:43.507]] [LOG]   calling http://twi19ztf1c01.prod.orfnet.at,twi19ztf1c02.prod.orfnet.at:8649/api/json/v2/about
[[11:34:43.510]] [LOG]   calling http://twi19ztf1c01.prod.orfnet.at,twi19ztf1c02.prod.orfnet.at:8649/api/json/v2/about
[[11:34:43.519]] [LOG]   calling http://twi19ztf1c01.prod.orfnet.at,twi19ztf1c02.prod.orfnet.at:8649/api/json/v2/about
[[11:34:43.523]] [LOG]   calling http://twi19ztf1c01.prod.orfnet.at,twi19ztf1c02.prod.orfnet.at:8649/api/json/v2/about
[[11:34:43.526]] [LOG]   calling http://twi19ztf1c01.prod.orfnet.at,twi19ztf1c02.prod.orfnet.at:8649/api/json/v2/about
[[11:34:43.529]] [LOG]   calling http://twi19ztf1c01.prod.orfnet.at,twi19ztf1c02.prod.orfnet.at:8649/api/json/v2/about
[[11:34:43.533]] [LOG]   calling http://twi19ztf1c01.prod.orfnet.at,twi19ztf1c02.prod.orfnet.at:8649/api/json/v2/about
[[11:34:43.542]] [LOG]   calling http://twi19ztf1c01.prod.orfnet.at,twi19ztf1c02.prod.orfnet.at:8649/api/json/v2/about
[[11:34:43.547]] [LOG]   calling http://twi19ztf1c01.prod.orfnet.at,twi19ztf1c02.prod.orfnet.at:8649/api/json/v2/about
[[11:34:43.550]] [LOG]   calling http://twi19ztf1c01.prod.orfnet.at,twi19ztf1c02.prod.orfnet.at:8649/api/json/v2/about
[[11:34:43.554]] [LOG]   calling http://twi19ztf1c01.prod.orfnet.at,twi19ztf1c02.prod.orfnet.at:8649/api/json/v2/about
[[11:34:43.557]] [LOG]   calling http://twi19ztf1c01.prod.orfnet.at,twi19ztf1c02.prod.orfnet.at:8649/api/json/v2/about
[[11:34:43.560]] [LOG]   calling http://twi19ztf1c01.prod.orfnet.at,twi19ztf1c02.prod.orfnet.at:8649/api/json/v2/about
[[11:34:43.563]] [LOG]   calling http://twi19ztf1c01.prod.orfnet.at,twi19ztf1c02.prod.orfnet.at:8649/api/json/v2/about
[[11:34:43.569]] [LOG]   calling http://twi19ztf1c01.prod.orfnet.at,twi19ztf1c02.prod.orfnet.at:8649/api/json/v2/about
[[11:34:43.572]] [LOG]   calling http://twi19ztf1c01.prod.orfnet.at,twi19ztf1c02.prod.orfnet.at:8649/api/json/v2/about
[[11:34:43.575]] [LOG]   calling http://twi19ztf1c01.prod.orfnet.at,twi19ztf1c02.prod.orfnet.at:8649/api/json/v2/about
[[11:34:43.578]] [LOG]   calling http://twi19ztf1c01.prod.orfnet.at,twi19ztf1c02.prod.orfnet.at:8649/api/json/v2/about
[[11:34:43.581]] [LOG]   calling http://twi19ztf1c01.prod.orfnet.at,twi19ztf1c02.prod.orfnet.at:8649/api/json/v2/about
[[11:34:43.585]] [LOG]   calling http://twi19ztf1c01.prod.orfnet.at,twi19ztf1c02.prod.orfnet.at:8649/api/json/v2/about
[[11:34:43.588]] [LOG]   calling http://twi19ztf1c01.prod.orfnet.at,twi19ztf1c02.prod.orfnet.at:8649/api/json/v2/about
[[11:34:43.591]] [LOG]   calling http://twi19ztf1c01.prod.orfnet.at,twi19ztf1c02.prod.orfnet.at:8649/api/json/v2/about
[[11:34:43.594]] [LOG]   calling http://twi19ztf1c01.prod.orfnet.at,twi19ztf1c02.prod.orfnet.at:8649/api/json/v2/about
[[11:34:43.597]] [LOG]   calling http://twi19ztf1c01.prod.orfnet.at,twi19ztf1c02.prod.orfnet.at:8649/api/json/v2/about
[[11:34:43.601]] [LOG]   calling http://twi19ztf1c01.prod.orfnet.at,twi19ztf1c02.prod.orfnet.at:8649/api/json/v2/about
[[11:34:43.605]] [LOG]   calling http://twi19ztf1c01.prod.orfnet.at,twi19ztf1c02.prod.orfnet.at:8649/api/json/v2/about
[[11:34:43.608]] [LOG]   calling http://twi19ztf1c01.prod.orfnet.at,twi19ztf1c02.prod.orfnet.at:8649/api/json/v2/about
[[11:34:43.611]] [LOG]   calling http://twi19ztf1c01.prod.orfnet.at,twi19ztf1c02.prod.orfnet.at:8649/api/json/v2/about
[[11:34:43.615]] [LOG]   calling http://twi19ztf1c01.prod.orfnet.at,twi19ztf1c02.prod.orfnet.at:8649/api/json/v2/about
[[11:34:43.618]] [LOG]   calling http://twi19ztf1c01.prod.orfnet.at,twi19ztf1c02.prod.orfnet.at:8649/api/json/v2/about
[[11:34:43.621]] [LOG]   calling http://twi19ztf1c01.prod.orfnet.at,twi19ztf1c02.prod.orfnet.at:8649/api/json/v2/about
[[11:34:43.624]] [LOG]   calling http://twi19ztf1c01.prod.orfnet.at,twi19ztf1c02.prod.orfnet.at:8649/api/json/v2/about
[[11:34:43.627]] [LOG]   calling http://twi19ztf1c01.prod.orfnet.at,twi19ztf1c02.prod.orfnet.at:8649/api/json/v2/about
[[11:34:43.630]] [LOG]   calling http://twi19ztf1c01.prod.orfnet.at,twi19ztf1c02.prod.orfnet.at:8649/api/json/v2/about
[[11:34:43.633]] [LOG]   calling http://twi19ztf1c01.prod.orfnet.at,twi19ztf1c02.prod.orfnet.at:8649/api/json/v2/about
[[11:34:43.636]] [LOG]   calling http://twi19ztf1c01.prod.orfnet.at,twi19ztf1c02.prod.orfnet.at:8649/api/json/v2/about
[[11:34:43.639]] [LOG]   calling http://twi19ztf1c01.prod.orfnet.at,twi19ztf1c02.prod.orfnet.at:8649/api/json/v2/about
[[11:34:43.642]] [LOG]   calling http://twi19ztf1c01.prod.orfnet.at,twi19ztf1c02.prod.orfnet.at:8649/api/json/v2/about
[[11:34:43.645]] [LOG]   calling http://twi19ztf1c01.prod.orfnet.at,twi19ztf1c02.prod.orfnet.at:8649/api/json/v2/about
[[11:34:43.648]] [LOG]   calling http://twi19ztf1c01.prod.orfnet.at,twi19ztf1c02.prod.orfnet.at:8649/api/json/v2/about
[[11:34:43.651]] [LOG]   calling http://twi19ztf1c01.prod.orfnet.at,twi19ztf1c02.prod.orfnet.at:8649/api/json/v2/about
[[11:34:43.654]] [LOG]   calling http://twi19ztf1c01.prod.orfnet.at,twi19ztf1c02.prod.orfnet.at:8649/api/json/v2/about
[[11:34:43.657]] [LOG]   calling http://twi19ztf1c01.prod.orfnet.at,twi19ztf1c02.prod.orfnet.at:8649/api/json/v2/about
[[11:34:43.661]] [LOG]   calling http://twi19ztf1c01.prod.orfnet.at,twi19ztf1c02.prod.orfnet.at:8649/api/json/v2/about
[[11:34:43.664]] [LOG]   calling http://twi19ztf1c01.prod.orfnet.at,twi19ztf1c02.prod.orfnet.at:8649/api/json/v2/about
[[11:34:43.667]] [LOG]   calling http://twi19ztf1c01.prod.orfnet.at,twi19ztf1c02.prod.orfnet.at:8649/api/json/v2/about
[[11:34:43.670]] [LOG]   calling http://twi19ztf1c01.prod.orfnet.at,twi19ztf1c02.prod.orfnet.at:8649/api/json/v2/about
[[11:34:43.672]] [LOG]   calling http://twi19ztf1c01.prod.orfnet.at,twi19ztf1c02.prod.orfnet.at:8649/api/json/v2/about
[[11:34:43.676]] [LOG]   calling http://twi19ztf1c01.prod.orfnet.at,twi19ztf1c02.prod.orfnet.at:8649/api/json/v2/about
[[11:34:43.679]] [LOG]   calling http://twi19ztf1c01.prod.orfnet.at,twi19ztf1c02.prod.orfnet.at:8649/api/json/v2/about
[[11:34:43.682]] [LOG]   calling http://twi19ztf1c01.prod.orfnet.at,twi19ztf1c02.prod.orfnet.at:8649/api/json/v2/about
[[11:34:43.684]] [LOG]   calling http://twi19ztf1c01.prod.orfnet.at,twi19ztf1c02.prod.orfnet.at:8649/api/json/v2/about
[[11:34:43.687]] [LOG]   calling http://twi19ztf1c01.prod.orfnet.at,twi19ztf1c02.prod.orfnet.at:8649/api/json/v2/about
[[11:34:43.691]] [LOG]   calling http://twi19ztf1c01.prod.orfnet.at,twi19ztf1c02.prod.orfnet.at:8649/api/json/v2/about
[[11:34:43.694]] [LOG]   calling http://twi19ztf1c01.prod.orfnet.at,twi19ztf1c02.prod.orfnet.at:8649/api/json/v2/about
[[11:34:43.696]] [LOG]   calling http://twi19ztf1c01.prod.orfnet.at,twi19ztf1c02.prod.orfnet.at:8649/api/json/v2/about
[[11:34:43.699]] [LOG]   calling http://twi19ztf1c01.prod.orfnet.at,twi19ztf1c02.prod.orfnet.at:8649/api/json/v2/about
[[11:34:43.702]] [LOG]   calling http://twi19ztf1c01.prod.orfnet.at,twi19ztf1c02.prod.orfnet.at:8649/api/json/v2/about
[[11:34:43.706]] [LOG]   calling http://twi19ztf1c01.prod.orfnet.at,twi19ztf1c02.prod.orfnet.at:8649/api/json/v2/about
[[11:34:43.708]] [LOG]   calling http://twi19ztf1c01.prod.orfnet.at,twi19ztf1c02.prod.orfnet.at:8649/api/json/v2/about
[[11:34:43.711]] [LOG]   calling http://twi19ztf1c01.prod.orfnet.at,twi19ztf1c02.prod.orfnet.at:8649/api/json/v2/about
[[11:34:43.714]] [LOG]   calling http://twi19ztf1c01.prod.orfnet.at,twi19ztf1c02.prod.orfnet.at:8649/api/json/v2/about
[[11:34:43.717]] [LOG]   calling http://twi19ztf1c01.prod.orfnet.at,twi19ztf1c02.prod.orfnet.at:8649/api/json/v2/about
[[11:34:43.720]] [LOG]   calling http://twi19ztf1c01.prod.orfnet.at,twi19ztf1c02.prod.orfnet.at:8649/api/json/v2/about
[[11:34:43.723]] [LOG]   calling http://twi19ztf1c01.prod.orfnet.at,twi19ztf1c02.prod.orfnet.at:8649/api/json/v2/about
[[11:34:43.726]] [LOG]   calling http://twi19ztf1c01.prod.orfnet.at,twi19ztf1c02.prod.orfnet.at:8649/api/json/v2/about
[[11:34:43.729]] [LOG]   calling http://twi19ztf1c01.prod.orfnet.at,twi19ztf1c02.prod.orfnet.at:8649/api/json/v2/about
[[11:34:43.732]] [LOG]   calling http://twi19ztf1c01.prod.orfnet.at,twi19ztf1c02.prod.orfnet.at:8649/api/json/v2/about
[[11:34:43.735]] [LOG]   calling http://twi19ztf1c01.prod.orfnet.at,twi19ztf1c02.prod.orfnet.at:8649/api/json/v2/about
[[11:34:43.738]] [LOG]   calling http://twi19ztf1c01.prod.orfnet.at,twi19ztf1c02.prod.orfnet.at:8649/api/json/v2/about
[[11:34:43.741]] [LOG]   calling http://twi19ztf1c01.prod.orfnet.at,twi19ztf1c02.prod.orfnet.at:8649/api/json/v2/about
[[11:34:43.744]] [LOG]   calling http://twi19ztf1c01.prod.orfnet.at,twi19ztf1c02.prod.orfnet.at:8649/api/json/v2/about
[[11:34:43.747]] [LOG]   calling http://twi19ztf1c01.prod.orfnet.at,twi19ztf1c02.prod.orfnet.at:8649/api/json/v2/about
[[11:34:43.750]] [LOG]   calling http://twi19ztf1c01.prod.orfnet.at,twi19ztf1c02.prod.orfnet.at:8649/api/json/v2/about
[[11:34:43.753]] [LOG]   calling http://twi19ztf1c01.prod.orfnet.at,twi19ztf1c02.prod.orfnet.at:8649/api/json/v2/about
[[11:34:43.756]] [LOG]   calling http://twi19ztf1c01.prod.orfnet.at,twi19ztf1c02.prod.orfnet.at:8649/api/json/v2/about
[[11:34:43.759]] [LOG]   calling http://twi19ztf1c01.prod.orfnet.at,twi19ztf1c02.prod.orfnet.at:8649/api/json/v2/about
[[11:34:43.762]] [LOG]   calling http://twi19ztf1c01.prod.orfnet.at,twi19ztf1c02.prod.orfnet.at:8649/api/json/v2/about
[[11:34:43.765]] [LOG]   calling http://twi19ztf1c01.prod.orfnet.at,twi19ztf1c02.prod.orfnet.at:8649/api/json/v2/about
[[11:34:43.768]] [LOG]   calling http://twi19ztf1c01.prod.orfnet.at,twi19ztf1c02.prod.orfnet.at:8649/api/json/v2/about
[[11:34:43.771]] [LOG]   calling http://twi19ztf1c01.prod.orfnet.at,twi19ztf1c02.prod.orfnet.at:8649/api/json/v2/about
[[11:34:43.774]] [LOG]   calling http://twi19ztf1c01.prod.orfnet.at,twi19ztf1c02.prod.orfnet.at:8649/api/json/v2/about
[[11:34:43.777]] [LOG]   calling http://twi19ztf1c01.prod.orfnet.at,twi19ztf1c02.prod.orfnet.at:8649/api/json/v2/about
[[11:34:43.780]] [LOG]   calling http://twi19ztf1c01.prod.orfnet.at,twi19ztf1c02.prod.orfnet.at:8649/api/json/v2/about
[[11:34:43.783]] [LOG]   calling http://twi19ztf1c01.prod.orfnet.at,twi19ztf1c02.prod.orfnet.at:8649/api/json/v2/about
[[11:34:43.786]] [LOG]   calling http://twi19ztf1c01.prod.orfnet.at,twi19ztf1c02.prod.orfnet.at:8649/api/json/v2/about
[[11:34:43.789]] [LOG]   calling http://twi19ztf1c01.prod.orfnet.at,twi19ztf1c02.prod.orfnet.at:8649/api/json/v2/about
[[11:34:43.792]] [LOG]   calling http://twi19ztf1c01.prod.orfnet.at,twi19ztf1c02.prod.orfnet.at:8649/api/json/v2/about
[[11:34:43.795]] [LOG]   calling http://twi19ztf1c01.prod.orfnet.at,twi19ztf1c02.prod.orfnet.at:8649/api/json/v2/about
[[11:34:43.798]] [LOG]   calling http://twi19ztf1c01.prod.orfnet.at,twi19ztf1c02.prod.orfnet.at:8649/api/json/v2/about
[[11:34:43.801]] [LOG]   calling http://twi19ztf1c01.prod.orfnet.at,twi19ztf1c02.prod.orfnet.at:8649/api/json/v2/about
[[11:34:43.804]] [LOG]   calling http://twi19ztf1c01.prod.orfnet.at,twi19ztf1c02.prod.orfnet.at:8649/api/json/v2/about
[[11:34:43.806]] [LOG]   calling http://twi19ztf1c01.prod.orfnet.at,twi19ztf1c02.prod.orfnet.at:8649/api/json/v2/about
[[11:34:43.809]] [LOG]   calling http://twi19ztf1c01.prod.orfnet.at,twi19ztf1c02.prod.orfnet.at:8649/api/json/v2/about
[[11:34:43.812]] [LOG]   calling http://twi19ztf1c01.prod.orfnet.at,twi19ztf1c02.prod.orfnet.at:8649/api/json/v2/about
[[11:34:43.815]] [LOG]   calling http://twi19ztf1c01.prod.orfnet.at,twi19ztf1c02.prod.orfnet.at:8649/api/json/v2/about
[[11:34:43.818]] [LOG]   calling http://twi19ztf1c01.prod.orfnet.at,twi19ztf1c02.prod.orfnet.at:8649/api/json/v2/about
[[11:34:43.822]] [LOG]   calling http://twi19ztf1c01.prod.orfnet.at,twi19ztf1c02.prod.orfnet.at:8649/api/json/v2/about
[[11:34:43.825]] [LOG]   calling http://twi19ztf1c01.prod.orfnet.at,twi19ztf1c02.prod.orfnet.at:8649/api/json/v2/about
[[11:34:43.828]] [LOG]   calling http://twi19ztf1c01.prod.orfnet.at,twi19ztf1c02.prod.orfnet.at:8649/api/json/v2/about
[[11:34:43.834]] [LOG]   calling http://twi19ztf1c01.prod.orfnet.at,twi19ztf1c02.prod.orfnet.at:8649/api/json/v2/about
[[11:34:43.837]] [LOG]   calling http://twi19ztf1c01.prod.orfnet.at,twi19ztf1c02.prod.orfnet.at:8649/api/json/v2/about
[[11:34:43.840]] [LOG]   calling http://twi19ztf1c01.prod.orfnet.at,twi19ztf1c02.prod.orfnet.at:8649/api/json/v2/about
[[11:34:43.843]] [LOG]   calling http://twi19ztf1c01.prod.orfnet.at,twi19ztf1c02.prod.orfnet.at:8649/api/json/v2/about
[[11:34:43.846]] [LOG]   calling http://twi19ztf1c01.prod.orfnet.at,twi19ztf1c02.prod.orfnet.at:8649/api/json/v2/about
[[11:34:43.849]] [LOG]   calling http://twi19ztf1c01.prod.orfnet.at,twi19ztf1c02.prod.orfnet.at:8649/api/json/v2/about
[[11:34:43.852]] [LOG]   calling http://twi19ztf1c01.prod.orfnet.at,twi19ztf1c02.prod.orfnet.at:8649/api/json/v2/about
[[11:34:43.856]] [LOG]   calling http://twi19ztf1c01.prod.orfnet.at,twi19ztf1c02.prod.orfnet.at:8649/api/json/v2/about
[[11:34:43.859]] [LOG]   calling http://twi19ztf1c01.prod.orfnet.at,twi19ztf1c02.prod.orfnet.at:8649/api/json/v2/about
[[11:34:43.862]] [LOG]   calling http://twi19ztf1c01.prod.orfnet.at,twi19ztf1c02.prod.orfnet.at:8649/api/json/v2/about
[[11:34:43.865]] [LOG]   calling http://twi19ztf1c01.prod.orfnet.at,twi19ztf1c02.prod.orfnet.at:8649/api/json/v2/about
[[11:34:43.868]] [LOG]   calling http://twi19ztf1c01.prod.orfnet.at,twi19ztf1c02.prod.orfnet.at:8649/api/json/v2/about
[[11:34:43.871]] [LOG]   calling http://twi19ztf1c01.prod.orfnet.at,twi19ztf1c02.prod.orfnet.at:8649/api/json/v2/about
[[11:34:43.874]] [LOG]   calling http://twi19ztf1c01.prod.orfnet.at,twi19ztf1c02.prod.orfnet.at:8649/api/json/v2/about
[[11:34:43.877]] [LOG]   calling http://twi19ztf1c01.prod.orfnet.at,twi19ztf1c02.prod.orfnet.at:8649/api/json/v2/about
[[11:34:43.880]] [LOG]   calling http://twi19ztf1c01.prod.orfnet.at,twi19ztf1c02.prod.orfnet.at:8649/api/json/v2/about
[[11:34:43.883]] [LOG]   calling http://twi19ztf1c01.prod.orfnet.at,twi19ztf1c02.prod.orfnet.at:8649/api/json/v2/about
[[11:34:43.886]] [LOG]   calling http://twi19ztf1c01.prod.orfnet.at,twi19ztf1c02.prod.orfnet.at:8649/api/json/v2/about
[[11:34:43.889]] [LOG]   calling http://twi19ztf1c01.prod.orfnet.at,twi19ztf1c02.prod.orfnet.at:8649/api/json/v2/about
[[11:34:43.892]] [LOG]   calling http://twi19ztf1c01.prod.orfnet.at,twi19ztf1c02.prod.orfnet.at:8649/api/json/v2/about
[[11:34:43.895]] [LOG]   calling http://twi19ztf1c01.prod.orfnet.at,twi19ztf1c02.prod.orfnet.at:8649/api/json/v2/about
[[11:34:43.898]] [LOG]   calling http://twi19ztf1c01.prod.orfnet.at,twi19ztf1c02.prod.orfnet.at:8649/api/json/v2/about
[[11:34:43.901]] [LOG]   calling http://twi19ztf1c01.prod.orfnet.at,twi19ztf1c02.prod.orfnet.at:8649/api/json/v2/about
[[11:34:43.905]] [LOG]   calling http://twi19ztf1c01.prod.orfnet.at,twi19ztf1c02.prod.orfnet.at:8649/api/json/v2/about
[[11:34:43.908]] [LOG]   calling http://twi19ztf1c01.prod.orfnet.at,twi19ztf1c02.prod.orfnet.at:8649/api/json/v2/about
[[11:34:43.914]] [LOG]   calling http://twi19ztf1c01.prod.orfnet.at,twi19ztf1c02.prod.orfnet.at:8649/api/json/v2/about
[[11:34:43.917]] [LOG]   calling http://twi19ztf1c01.prod.orfnet.at,twi19ztf1c02.prod.orfnet.at:8649/api/json/v2/about
[[11:34:43.921]] [LOG]   calling http://twi19ztf1c01.prod.orfnet.at,twi19ztf1c02.prod.orfnet.at:8649/api/json/v2/about
[[11:34:43.924]] [LOG]   calling http://twi19ztf1c01.prod.orfnet.at,twi19ztf1c02.prod.orfnet.at:8649/api/json/v2/about
[[11:34:43.927]] [LOG]   calling http://twi19ztf1c01.prod.orfnet.at,twi19ztf1c02.prod.orfnet.at:8649/api/json/v2/about
[[11:34:43.930]] [LOG]   calling http://twi19ztf1c01.prod.orfnet.at,twi19ztf1c02.prod.orfnet.at:8649/api/json/v2/about
[[11:34:43.934]] [LOG]   calling http://twi19ztf1c01.prod.orfnet.at,twi19ztf1c02.prod.orfnet.at:8649/api/json/v2/about
[[11:34:43.938]] [LOG]   calling http://twi19ztf1c01.prod.orfnet.at,twi19ztf1c02.prod.orfnet.at:8649/api/json/v2/about
[[11:34:43.941]] [LOG]   calling http://twi19ztf1c01.prod.orfnet.at,twi19ztf1c02.prod.orfnet.at:8649/api/json/v2/about
[[11:34:43.944]] [LOG]   calling http://twi19ztf1c01.prod.orfnet.at,twi19ztf1c02.prod.orfnet.at:8649/api/json/v2/about
[[11:34:43.947]] [LOG]   calling http://twi19ztf1c01.prod.orfnet.at,twi19ztf1c02.prod.orfnet.at:8649/api/json/v2/about
[[11:34:43.950]] [LOG]   calling http://twi19ztf1c01.prod.orfnet.at,twi19ztf1c02.prod.orfnet.at:8649/api/json/v2/about
[[11:34:43.953]] [LOG]   calling http://twi19ztf1c01.prod.orfnet.at,twi19ztf1c02.prod.orfnet.at:8649/api/json/v2/about
[[11:34:43.956]] [LOG]   calling http://twi19ztf1c01.prod.orfnet.at,twi19ztf1c02.prod.orfnet.at:8649/api/json/v2/about
[[11:34:43.959]] [LOG]   calling http://twi19ztf1c01.prod.orfnet.at,twi19ztf1c02.prod.orfnet.at:8649/api/json/v2/about
[[11:34:43.962]] [LOG]   calling http://twi19ztf1c01.prod.orfnet.at,twi19ztf1c02.prod.orfnet.at:8649/api/json/v2/about
[[11:34:43.965]] [LOG]   calling http://twi19ztf1c01.prod.orfnet.at,twi19ztf1c02.prod.orfnet.at:8649/api/json/v2/about
[[11:34:43.968]] [LOG]   calling http://twi19ztf1c01.prod.orfnet.at,twi19ztf1c02.prod.orfnet.at:8649/api/json/v2/about
[[11:34:43.971]] [LOG]   calling http://twi19ztf1c01.prod.orfnet.at,twi19ztf1c02.prod.orfnet.at:8649/api/json/v2/about
[[11:34:43.974]] [LOG]   calling http://twi19ztf1c01.prod.orfnet.at,twi19ztf1c02.prod.orfnet.at:8649/api/json/v2/about
[[11:34:43.977]] [LOG]   calling http://twi19ztf1c01.prod.orfnet.at,twi19ztf1c02.prod.orfnet.at:8649/api/json/v2/about
[[11:34:43.981]] [LOG]   calling http://twi19ztf1c01.prod.orfnet.at,twi19ztf1c02.prod.orfnet.at:8649/api/json/v2/about
[[11:34:43.984]] [LOG]   calling http://twi19ztf1c01.prod.orfnet.at,twi19ztf1c02.prod.orfnet.at:8649/api/json/v2/about
[[11:34:43.987]] [LOG]   calling http://twi19ztf1c01.prod.orfnet.at,twi19ztf1c02.prod.orfnet.at:8649/api/json/v2/about
[[11:34:43.990]] [LOG]   calling http://twi19ztf1c01.prod.orfnet.at,twi19ztf1c02.prod.orfnet.at:8649/api/json/v2/about
[[11:34:43.993]] [LOG]   calling http://twi19ztf1c01.prod.orfnet.at,twi19ztf1c02.prod.orfnet.at:8649/api/json/v2/about
[[11:34:43.996]] [LOG]   calling http://twi19ztf1c01.prod.orfnet.at,twi19ztf1c02.prod.orfnet.at:8649/api/json/v2/about
[[11:34:43.999]] [LOG]   calling http://twi19ztf1c01.prod.orfnet.at,twi19ztf1c02.prod.orfnet.at:8649/api/json/v2/about
[[11:34:44.003]] [LOG]   calling http://twi19ztf1c01.prod.orfnet.at,twi19ztf1c02.prod.orfnet.at:8649/api/json/v2/about
[[11:34:44.006]] [LOG]   calling http://twi19ztf1c01.prod.orfnet.at,twi19ztf1c02.prod.orfnet.at:8649/api/json/v2/about
[[11:34:44.009]] [LOG]   calling http://twi19ztf1c01.prod.orfnet.at,twi19ztf1c02.prod.orfnet.at:8649/api/json/v2/about
[[11:34:44.012]] [LOG]   calling http://twi19ztf1c01.prod.orfnet.at,twi19ztf1c02.prod.orfnet.at:8649/api/json/v2/about
[[11:34:44.016]] [LOG]   calling http://twi19ztf1c01.prod.orfnet.at,twi19ztf1c02.prod.orfnet.at:8649/api/json/v2/about
[[11:34:44.019]] [LOG]   calling http://twi19ztf1c01.prod.orfnet.at,twi19ztf1c02.prod.orfnet.at:8649/api/json/v2/about
[[11:34:44.022]] [LOG]   calling http://twi19ztf1c01.prod.orfnet.at,twi19ztf1c02.prod.orfnet.at:8649/api/json/v2/about
[[11:34:44.025]] [LOG]   calling http://twi19ztf1c01.prod.orfnet.at,twi19ztf1c02.prod.orfnet.at:8649/api/json/v2/about
[[11:34:44.028]] [LOG]   calling http://twi19ztf1c01.prod.orfnet.at,twi19ztf1c02.prod.orfnet.at:8649/api/json/v2/about
[[11:34:44.031]] [LOG]   calling http://twi19ztf1c01.prod.orfnet.at,twi19ztf1c02.prod.orfnet.at:8649/api/json/v2/about
[[11:34:44.034]] [LOG]   calling http://twi19ztf1c01.prod.orfnet.at,twi19ztf1c02.prod.orfnet.at:8649/api/json/v2/about
[[11:34:44.038]] [LOG]   calling http://twi19ztf1c01.prod.orfnet.at,twi19ztf1c02.prod.orfnet.at:8649/api/json/v2/about
[[11:34:44.041]] [LOG]   calling http://twi19ztf1c01.prod.orfnet.at,twi19ztf1c02.prod.orfnet.at:8649/api/json/v2/about
[[11:34:44.044]] [LOG]   calling http://twi19ztf1c01.prod.orfnet.at,twi19ztf1c02.prod.orfnet.at:8649/api/json/v2/about
[[11:34:44.047]] [LOG]   calling http://twi19ztf1c01.prod.orfnet.at,twi19ztf1c02.prod.orfnet.at:8649/api/json/v2/about
[[11:34:44.050]] [LOG]   calling http://twi19ztf1c01.prod.orfnet.at,twi19ztf1c02.prod.orfnet.at:8649/api/json/v2/about
[[11:34:44.053]] [LOG]   calling http://twi19ztf1c01.prod.orfnet.at,twi19ztf1c02.prod.orfnet.at:8649/api/json/v2/about
[[11:34:44.056]] [LOG]   calling http://twi19ztf1c01.prod.orfnet.at,twi19ztf1c02.prod.orfnet.at:8649/api/json/v2/about
[[11:34:44.059]] [LOG]   calling http://twi19ztf1c01.prod.orfnet.at,twi19ztf1c02.prod.orfnet.at:8649/api/json/v2/about
[[11:34:44.062]] [LOG]   calling http://twi19ztf1c01.prod.orfnet.at,twi19ztf1c02.prod.orfnet.at:8649/api/json/v2/about
[[11:34:44.065]] [LOG]   calling http://twi19ztf1c01.prod.orfnet.at,twi19ztf1c02.prod.orfnet.at:8649/api/json/v2/about
[[11:34:44.068]] [LOG]   calling http://twi19ztf1c01.prod.orfnet.at,twi19ztf1c02.prod.orfnet.at:8649/api/json/v2/about
[[11:34:44.071]] [LOG]   calling http://twi19ztf1c01.prod.orfnet.at,twi19ztf1c02.prod.orfnet.at:8649/api/json/v2/about
[[11:34:44.074]] [LOG]   calling http://twi19ztf1c01.prod.orfnet.at,twi19ztf1c02.prod.orfnet.at:8649/api/json/v2/about
[[11:34:44.077]] [LOG]   calling http://twi19ztf1c01.prod.orfnet.at,twi19ztf1c02.prod.orfnet.at:8649/api/json/v2/about
[[11:34:44.080]] [LOG]   calling http://twi19ztf1c01.prod.orfnet.at,twi19ztf1c02.prod.orfnet.at:8649/api/json/v2/about
[[11:34:44.082]] [LOG]   calling http://twi19ztf1c01.prod.orfnet.at,twi19ztf1c02.prod.orfnet.at:8649/api/json/v2/about
[[11:34:44.085]] [LOG]   calling http://twi19ztf1c01.prod.orfnet.at,twi19ztf1c02.prod.orfnet.at:8649/api/json/v2/about
[[11:34:44.088]] [LOG]   calling http://twi19ztf1c01.prod.orfnet.at,twi19ztf1c02.prod.orfnet.at:8649/api/json/v2/about
[[11:34:44.091]] [LOG]   calling http://twi19ztf1c01.prod.orfnet.at,twi19ztf1c02.prod.orfnet.at:8649/api/json/v2/about
[[11:34:44.094]] [LOG]   calling http://twi19ztf1c01.prod.orfnet.at,twi19ztf1c02.prod.orfnet.at:8649/api/json/v2/about
[[11:34:44.098]] [LOG]   calling http://twi19ztf1c01.prod.orfnet.at,twi19ztf1c02.prod.orfnet.at:8649/api/json/v2/about
[[11:34:44.101]] [LOG]   calling http://twi19ztf1c01.prod.orfnet.at,twi19ztf1c02.prod.orfnet.at:8649/api/json/v2/about
[[11:34:44.104]] [LOG]   calling http://twi19ztf1c01.prod.orfnet.at,twi19ztf1c02.prod.orfnet.at:8649/api/json/v2/about
[[11:34:44.107]] [LOG]   calling http://twi19ztf1c01.prod.orfnet.at,twi19ztf1c02.prod.orfnet.at:8649/api/json/v2/about
[[11:34:44.110]] [LOG]   calling http://twi19ztf1c01.prod.orfnet.at,twi19ztf1c02.prod.orfnet.at:8649/api/json/v2/about
[[11:34:44.113]] [LOG]   calling http://twi19ztf1c01.prod.orfnet.at,twi19ztf1c02.prod.orfnet.at:8649/api/json/v2/about
[[11:34:44.116]] [LOG]   calling http://twi19ztf1c01.prod.orfnet.at,twi19ztf1c02.prod.orfnet.at:8649/api/json/v2/about
[[11:34:44.119]] [LOG]   calling http://twi19ztf1c01.prod.orfnet.at,twi19ztf1c02.prod.orfnet.at:8649/api/json/v2/about
[[11:34:44.122]] [LOG]   calling http://twi19ztf1c01.prod.orfnet.at,twi19ztf1c02.prod.orfnet.at:8649/api/json/v2/about
[[11:34:44.125]] [LOG]   calling http://twi19ztf1c01.prod.orfnet.at,twi19ztf1c02.prod.orfnet.at:8649/api/json/v2/about
[[11:34:44.128]] [LOG]   calling http://twi19ztf1c01.prod.orfnet.at,twi19ztf1c02.prod.orfnet.at:8649/api/json/v2/about
[[11:34:44.131]] [LOG]   calling http://twi19ztf1c01.prod.orfnet.at,twi19ztf1c02.prod.orfnet.at:8649/api/json/v2/about
[[11:34:44.134]] [LOG]   calling http://twi19ztf1c01.prod.orfnet.at,twi19ztf1c02.prod.orfnet.at:8649/api/json/v2/about
[[11:34:44.137]] [LOG]   calling http://twi19ztf1c01.prod.orfnet.at,twi19ztf1c02.prod.orfnet.at:8649/api/json/v2/about
[[11:34:44.140]] [LOG]   calling http://twi19ztf1c01.prod.orfnet.at,twi19ztf1c02.prod.orfnet.at:8649/api/json/v2/about
[[11:34:44.143]] [LOG]   calling http://twi19ztf1c01.prod.orfnet.at,twi19ztf1c02.prod.orfnet.at:8649/api/json/v2/about
[[11:34:44.146]] [LOG]   calling http://twi19ztf1c01.prod.orfnet.at,twi19ztf1c02.prod.orfnet.at:8649/api/json/v2/about
[[11:34:44.149]] [LOG]   calling http://twi19ztf1c01.prod.orfnet.at,twi19ztf1c02.prod.orfnet.at:8649/api/json/v2/about
[[11:34:44.152]] [LOG]   calling http://twi19ztf1c01.prod.orfnet.at,twi19ztf1c02.prod.orfnet.at:8649/api/json/v2/about
[[11:34:44.155]] [LOG]   calling http://twi19ztf1c01.prod.orfnet.at,twi19ztf1c02.prod.orfnet.at:8649/api/json/v2/about
[[11:34:44.158]] [LOG]   calling http://twi19ztf1c01.prod.orfnet.at,twi19ztf1c02.prod.orfnet.at:8649/api/json/v2/about
[[11:34:44.161]] [LOG]   calling http://twi19ztf1c01.prod.orfnet.at,twi19ztf1c02.prod.orfnet.at:8649/api/json/v2/about
[[11:34:44.164]] [LOG]   calling http://twi19ztf1c01.prod.orfnet.at,twi19ztf1c02.prod.orfnet.at:8649/api/json/v2/about
[[11:34:44.167]] [LOG]   calling http://twi19ztf1c01.prod.orfnet.at,twi19ztf1c02.prod.orfnet.at:8649/api/json/v2/about
[[11:34:44.170]] [LOG]   calling http://twi19ztf1c01.prod.orfnet.at,twi19ztf1c02.prod.orfnet.at:8649/api/json/v2/about
[[11:34:44.173]] [LOG]   calling http://twi19ztf1c01.prod.orfnet.at,twi19ztf1c02.prod.orfnet.at:8649/api/json/v2/about
[[11:34:44.176]] [LOG]   calling http://twi19ztf1c01.prod.orfnet.at,twi19ztf1c02.prod.orfnet.at:8649/api/json/v2/about
[[11:34:44.179]] [LOG]   calling http://twi19ztf1c01.prod.orfnet.at,twi19ztf1c02.prod.orfnet.at:8649/api/json/v2/about
[[11:34:44.182]] [LOG]   calling http://twi19ztf1c01.prod.orfnet.at,twi19ztf1c02.prod.orfnet.at:8649/api/json/v2/about
[[11:34:44.185]] [LOG]   calling http://twi19ztf1c01.prod.orfnet.at,twi19ztf1c02.prod.orfnet.at:8649/api/json/v2/about
[[11:34:44.188]] [LOG]   calling http://twi19ztf1c01.prod.orfnet.at,twi19ztf1c02.prod.orfnet.at:8649/api/json/v2/about
[[11:34:44.191]] [LOG]   calling http://twi19ztf1c01.prod.orfnet.at,twi19ztf1c02.prod.orfnet.at:8649/api/json/v2/about
[[11:34:44.194]] [LOG]   calling http://twi19ztf1c01.prod.orfnet.at,twi19ztf1c02.prod.orfnet.at:8649/api/json/v2/about
[[11:34:44.197]] [LOG]   calling http://twi19ztf1c01.prod.orfnet.at,twi19ztf1c02.prod.orfnet.at:8649/api/json/v2/about
[[11:34:44.200]] [LOG]   calling http://twi19ztf1c01.prod.orfnet.at,twi19ztf1c02.prod.orfnet.at:8649/api/json/v2/about
[[11:34:44.203]] [LOG]   calling http://twi19ztf1c01.prod.orfnet.at,twi19ztf1c02.prod.orfnet.at:8649/api/json/v2/about
[[11:34:44.207]] [LOG]   calling http://twi19ztf1c01.prod.orfnet.at,twi19ztf1c02.prod.orfnet.at:8649/api/json/v2/about
[[11:34:44.210]] [LOG]   calling http://twi19ztf1c01.prod.orfnet.at,twi19ztf1c02.prod.orfnet.at:8649/api/json/v2/about
[[11:34:44.213]] [LOG]   calling http://twi19ztf1c01.prod.orfnet.at,twi19ztf1c02.prod.orfnet.at:8649/api/json/v2/about
[[11:34:44.216]] [LOG]   calling http://twi19ztf1c01.prod.orfnet.at,twi19ztf1c02.prod.orfnet.at:8649/api/json/v2/about
[[11:34:44.219]] [LOG]   calling http://twi19ztf1c01.prod.orfnet.at,twi19ztf1c02.prod.orfnet.at:8649/api/json/v2/about
[[11:34:44.222]] [LOG]   calling http://twi19ztf1c01.prod.orfnet.at,twi19ztf1c02.prod.orfnet.at:8649/api/json/v2/about
[[11:34:44.225]] [LOG]   calling http://twi19ztf1c01.prod.orfnet.at,twi19ztf1c02.prod.orfnet.at:8649/api/json/v2/about
[[11:34:44.228]] [LOG]   calling http://twi19ztf1c01.prod.orfnet.at,twi19ztf1c02.prod.orfnet.at:8649/api/json/v2/about
[[11:34:44.231]] [LOG]   calling http://twi19ztf1c01.prod.orfnet.at,twi19ztf1c02.prod.orfnet.at:8649/api/json/v2/about
[[11:34:44.234]] [LOG]   calling http://twi19ztf1c01.prod.orfnet.at,twi19ztf1c02.prod.orfnet.at:8649/api/json/v2/about
[[11:34:44.237]] [LOG]   calling http://twi19ztf1c01.prod.orfnet.at,twi19ztf1c02.prod.orfnet.at:8649/api/json/v2/about
[[11:34:44.239]] [LOG]   calling http://twi19ztf1c01.prod.orfnet.at,twi19ztf1c02.prod.orfnet.at:8649/api/json/v2/about
[[11:34:44.242]] [LOG]   calling http://twi19ztf1c01.prod.orfnet.at,twi19ztf1c02.prod.orfnet.at:8649/api/json/v2/about
[[11:34:44.245]] [LOG]   calling http://twi19ztf1c01.prod.orfnet.at,twi19ztf1c02.prod.orfnet.at:8649/api/json/v2/about
[[11:34:44.248]] [LOG]   calling http://twi19ztf1c01.prod.orfnet.at,twi19ztf1c02.prod.orfnet.at:8649/api/json/v2/about
[[11:34:44.252]] [LOG]   calling http://twi19ztf1c01.prod.orfnet.at,twi19ztf1c02.prod.orfnet.at:8649/api/json/v2/about
[[11:34:44.254]] [LOG]   calling http://twi19ztf1c01.prod.orfnet.at,twi19ztf1c02.prod.orfnet.at:8649/api/json/v2/about
[[11:34:44.257]] [LOG]   calling http://twi19ztf1c01.prod.orfnet.at,twi19ztf1c02.prod.orfnet.at:8649/api/json/v2/about
[[11:34:44.260]] [LOG]   calling http://twi19ztf1c01.prod.orfnet.at,twi19ztf1c02.prod.orfnet.at:8649/api/json/v2/about
[[11:34:44.263]] [LOG]   calling http://twi19ztf1c01.prod.orfnet.at,twi19ztf1c02.prod.orfnet.at:8649/api/json/v2/about
[[11:34:44.267]] [LOG]   calling http://twi19ztf1c01.prod.orfnet.at,twi19ztf1c02.prod.orfnet.at:8649/api/json/v2/about
[[11:34:44.270]] [LOG]   calling http://twi19ztf1c01.prod.orfnet.at,twi19ztf1c02.prod.orfnet.at:8649/api/json/v2/about
[[11:34:44.273]] [LOG]   calling http://twi19ztf1c01.prod.orfnet.at,twi19ztf1c02.prod.orfnet.at:8649/api/json/v2/about
[[11:34:44.275]] [LOG]   calling http://twi19ztf1c01.prod.orfnet.at,twi19ztf1c02.prod.orfnet.at:8649/api/json/v2/about
[[11:34:44.279]] [LOG]   calling http://twi19ztf1c01.prod.orfnet.at,twi19ztf1c02.prod.orfnet.at:8649/api/json/v2/about
[[11:34:44.284]] [LOG]   calling http://twi19ztf1c01.prod.orfnet.at,twi19ztf1c02.prod.orfnet.at:8649/api/json/v2/about
[[11:34:44.287]] [LOG]   calling http://twi19ztf1c01.prod.orfnet.at,twi19ztf1c02.prod.orfnet.at:8649/api/json/v2/about
[[11:34:44.290]] [LOG]   calling http://twi19ztf1c01.prod.orfnet.at,twi19ztf1c02.prod.orfnet.at:8649/api/json/v2/about
[[11:34:44.293]] [LOG]   calling http://twi19ztf1c01.prod.orfnet.at,twi19ztf1c02.prod.orfnet.at:8649/api/json/v2/about
[[11:34:44.296]] [LOG]   calling http://twi19ztf1c01.prod.orfnet.at,twi19ztf1c02.prod.orfnet.at:8649/api/json/v2/about
[[11:34:44.299]] [LOG]   calling http://twi19ztf1c01.prod.orfnet.at,twi19ztf1c02.prod.orfnet.at:8649/api/json/v2/about
[[11:34:44.302]] [LOG]   calling http://twi19ztf1c01.prod.orfnet.at,twi19ztf1c02.prod.orfnet.at:8649/api/json/v2/about
[[11:34:44.306]] [LOG]   calling http://twi19ztf1c01.prod.orfnet.at,twi19ztf1c02.prod.orfnet.at:8649/api/json/v2/about
[[11:34:44.309]] [LOG]   calling http://twi19ztf1c01.prod.orfnet.at,twi19ztf1c02.prod.orfnet.at:8649/api/json/v2/about
[[11:34:44.312]] [LOG]   calling http://twi19ztf1c01.prod.orfnet.at,twi19ztf1c02.prod.orfnet.at:8649/api/json/v2/about
[[11:34:44.315]] [LOG]   calling http://twi19ztf1c01.prod.orfnet.at,twi19ztf1c02.prod.orfnet.at:8649/api/json/v2/about
[[11:34:44.318]] [LOG]   calling http://twi19ztf1c01.prod.orfnet.at,twi19ztf1c02.prod.orfnet.at:8649/api/json/v2/about
[[11:34:44.321]] [LOG]   calling http://twi19ztf1c01.prod.orfnet.at,twi19ztf1c02.prod.orfnet.at:8649/api/json/v2/about
[[11:34:44.324]] [LOG]   calling http://twi19ztf1c01.prod.orfnet.at,twi19ztf1c02.prod.orfnet.at:8649/api/json/v2/about
[[11:34:44.327]] [LOG]   calling http://twi19ztf1c01.prod.orfnet.at,twi19ztf1c02.prod.orfnet.at:8649/api/json/v2/about
[[11:34:44.330]] [LOG]   calling http://twi19ztf1c01.prod.orfnet.at,twi19ztf1c02.prod.orfnet.at:8649/api/json/v2/about
[[11:34:44.333]] [LOG]   calling http://twi19ztf1c01.prod.orfnet.at,twi19ztf1c02.prod.orfnet.at:8649/api/json/v2/about
[[11:34:44.336]] [LOG]   calling http://twi19ztf1c01.prod.orfnet.at,twi19ztf1c02.prod.orfnet.at:8649/api/json/v2/about
[[11:34:44.338]] [LOG]   calling http://twi19ztf1c01.prod.orfnet.at,twi19ztf1c02.prod.orfnet.at:8649/api/json/v2/about
[[11:34:44.341]] [LOG]   calling http://twi19ztf1c01.prod.orfnet.at,twi19ztf1c02.prod.orfnet.at:8649/api/json/v2/about
[[11:34:44.344]] [LOG]   calling http://twi19ztf1c01.prod.orfnet.at,twi19ztf1c02.prod.orfnet.at:8649/api/json/v2/about
[[11:34:44.350]] [LOG]   calling http://twi19ztf1c01.prod.orfnet.at,twi19ztf1c02.prod.orfnet.at:8649/api/json/v2/about
[[11:34:44.353]] [LOG]   calling http://twi19ztf1c01.prod.orfnet.at,twi19ztf1c02.prod.orfnet.at:8649/api/json/v2/about
[[11:34:44.357]] [LOG]   calling http://twi19ztf1c01.prod.orfnet.at,twi19ztf1c02.prod.orfnet.at:8649/api/json/v2/about
[[11:34:44.360]] [LOG]   calling http://twi19ztf1c01.prod.orfnet.at,twi19ztf1c02.prod.orfnet.at:8649/api/json/v2/about
[[11:34:44.363]] [LOG]   calling http://twi19ztf1c01.prod.orfnet.at,twi19ztf1c02.prod.orfnet.at:8649/api/json/v2/about
[[11:34:44.366]] [LOG]   calling http://twi19ztf1c01.prod.orfnet.at,twi19ztf1c02.prod.orfnet.at:8649/api/json/v2/about
[[11:34:44.370]] [LOG]   calling http://twi19ztf1c01.prod.orfnet.at,twi19ztf1c02.prod.orfnet.at:8649/api/json/v2/about
[[11:34:44.372]] [LOG]   calling http://twi19ztf1c01.prod.orfnet.at,twi19ztf1c02.prod.orfnet.at:8649/api/json/v2/about
[[11:34:44.376]] [LOG]   calling http://twi19ztf1c01.prod.orfnet.at,twi19ztf1c02.prod.orfnet.at:8649/api/json/v2/about
[[11:34:44.379]] [LOG]   calling http://twi19ztf1c01.prod.orfnet.at,twi19ztf1c02.prod.orfnet.at:8649/api/json/v2/about
[[11:34:44.382]] [LOG]   calling http://twi19ztf1c01.prod.orfnet.at,twi19ztf1c02.prod.orfnet.at:8649/api/json/v2/about
[[11:34:44.385]] [LOG]   calling http://twi19ztf1c01.prod.orfnet.at,twi19ztf1c02.prod.orfnet.at:8649/api/json/v2/about
[[11:34:44.388]] [LOG]   calling http://twi19ztf1c01.prod.orfnet.at,twi19ztf1c02.prod.orfnet.at:8649/api/json/v2/about
[[11:34:44.391]] [LOG]   calling http://twi19ztf1c01.prod.orfnet.at,twi19ztf1c02.prod.orfnet.at:8649/api/json/v2/about
[[11:34:44.393]] [LOG]   calling http://twi19ztf1c01.prod.orfnet.at,twi19ztf1c02.prod.orfnet.at:8649/api/json/v2/about
[[11:34:44.399]] [LOG]   calling http://twi19ztf1c01.prod.orfnet.at,twi19ztf1c02.prod.orfnet.at:8649/api/json/v2/about
[[11:34:44.403]] [LOG]   calling http://twi19ztf1c01.prod.orfnet.at,twi19ztf1c02.prod.orfnet.at:8649/api/json/v2/about
[[11:34:44.406]] [LOG]   calling http://twi19ztf1c01.prod.orfnet.at,twi19ztf1c02.prod.orfnet.at:8649/api/json/v2/about
[[11:34:44.409]] [LOG]   calling http://twi19ztf1c01.prod.orfnet.at,twi19ztf1c02.prod.orfnet.at:8649/api/json/v2/about
[[11:34:44.412]] [LOG]   calling http://twi19ztf1c01.prod.orfnet.at,twi19ztf1c02.prod.orfnet.at:8649/api/json/v2/about
[[11:34:44.415]] [LOG]   calling http://twi19ztf1c01.prod.orfnet.at,twi19ztf1c02.prod.orfnet.at:8649/api/json/v2/about
[[11:34:44.418]] [LOG]   calling http://twi19ztf1c01.prod.orfnet.at,twi19ztf1c02.prod.orfnet.at:8649/api/json/v2/about
[[11:34:44.421]] [LOG]   calling http://twi19ztf1c01.prod.orfnet.at,twi19ztf1c02.prod.orfnet.at:8649/api/json/v2/about
[[11:34:44.424]] [LOG]   calling http://twi19ztf1c01.prod.orfnet.at,twi19ztf1c02.prod.orfnet.at:8649/api/json/v2/about
[[11:34:44.427]] [LOG]   calling http://twi19ztf1c01.prod.orfnet.at,twi19ztf1c02.prod.orfnet.at:8649/api/json/v2/about
[[11:34:44.430]] [LOG]   calling http://twi19ztf1c01.prod.orfnet.at,twi19ztf1c02.prod.orfnet.at:8649/api/json/v2/about
[[11:34:44.434]] [LOG]   calling http://twi19ztf1c01.prod.orfnet.at,twi19ztf1c02.prod.orfnet.at:8649/api/json/v2/about
[[11:34:44.438]] [LOG]   calling http://twi19ztf1c01.prod.orfnet.at,twi19ztf1c02.prod.orfnet.at:8649/api/json/v2/about
[[11:34:44.442]] [LOG]   calling http://twi19ztf1c01.prod.orfnet.at,twi19ztf1c02.prod.orfnet.at:8649/api/json/v2/about
[[11:34:44.445]] [LOG]   calling http://twi19ztf1c01.prod.orfnet.at,twi19ztf1c02.prod.orfnet.at:8649/api/json/v2/about
[[11:34:44.448]] [LOG]   calling http://twi19ztf1c01.prod.orfnet.at,twi19ztf1c02.prod.orfnet.at:8649/api/json/v2/about
[[11:34:44.451]] [LOG]   calling http://twi19ztf1c01.prod.orfnet.at,twi19ztf1c02.prod.orfnet.at:8649/api/json/v2/about
[[11:34:44.454]] [LOG]   calling http://twi19ztf1c01.prod.orfnet.at,twi19ztf1c02.prod.orfnet.at:8649/api/json/v2/about
[[11:34:44.457]] [LOG]   calling http://twi19ztf1c01.prod.orfnet.at,twi19ztf1c02.prod.orfnet.at:8649/api/json/v2/about
[[11:34:44.460]] [LOG]   calling http://twi19ztf1c01.prod.orfnet.at,twi19ztf1c02.prod.orfnet.at:8649/api/json/v2/about
[[11:34:44.465]] [LOG]   calling http://twi19ztf1c01.prod.orfnet.at,twi19ztf1c02.prod.orfnet.at:8649/api/json/v2/about
[[11:34:44.469]] [LOG]   calling http://twi19ztf1c01.prod.orfnet.at,twi19ztf1c02.prod.orfnet.at:8649/api/json/v2/about
[[11:34:44.471]] [LOG]   calling http://twi19ztf1c01.prod.orfnet.at,twi19ztf1c02.prod.orfnet.at:8649/api/json/v2/about
[[11:34:44.475]] [LOG]   calling http://twi19ztf1c01.prod.orfnet.at,twi19ztf1c02.prod.orfnet.at:8649/api/json/v2/about
[[11:34:44.478]] [LOG]   calling http://twi19ztf1c01.prod.orfnet.at,twi19ztf1c02.prod.orfnet.at:8649/api/json/v2/about
[[11:34:44.481]] [LOG]   calling http://twi19ztf1c01.prod.orfnet.at,twi19ztf1c02.prod.orfnet.at:8649/api/json/v2/about
[[11:34:44.484]] [LOG]   calling http://twi19ztf1c01.prod.orfnet.at,twi19ztf1c02.prod.orfnet.at:8649/api/json/v2/about
[[11:34:44.487]] [LOG]   calling http://twi19ztf1c01.prod.orfnet.at,twi19ztf1c02.prod.orfnet.at:8649/api/json/v2/about
[[11:34:44.490]] [LOG]   calling http://twi19ztf1c01.prod.orfnet.at,twi19ztf1c02.prod.orfnet.at:8649/api/json/v2/about
[[11:34:44.494]] [LOG]   calling http://twi19ztf1c01.prod.orfnet.at,twi19ztf1c02.prod.orfnet.at:8649/api/json/v2/about
[[11:34:44.497]] [LOG]   calling http://twi19ztf1c01.prod.orfnet.at,twi19ztf1c02.prod.orfnet.at:8649/api/json/v2/about
[[11:34:44.500]] [LOG]   calling http://twi19ztf1c01.prod.orfnet.at,twi19ztf1c02.prod.orfnet.at:8649/api/json/v2/about
[[11:34:44.503]] [LOG]   calling http://twi19ztf1c01.prod.orfnet.at,twi19ztf1c02.prod.orfnet.at:8649/api/json/v2/about
[[11:34:44.505]] [LOG]   calling http://twi19ztf1c01.prod.orfnet.at,twi19ztf1c02.prod.orfnet.at:8649/api/json/v2/about
[[11:34:44.509]] [LOG]   calling http://twi19ztf1c01.prod.orfnet.at,twi19ztf1c02.prod.orfnet.at:8649/api/json/v2/about
[[11:34:44.512]] [LOG]   calling http://twi19ztf1c01.prod.orfnet.at,twi19ztf1c02.prod.orfnet.at:8649/api/json/v2/about
[[11:34:44.515]] [LOG]   calling http://twi19ztf1c01.prod.orfnet.at,twi19ztf1c02.prod.orfnet.at:8649/api/json/v2/about
[[11:34:44.517]] [LOG]   calling http://twi19ztf1c01.prod.orfnet.at,twi19ztf1c02.prod.orfnet.at:8649/api/json/v2/about
[[11:34:44.526]] [LOG]   calling http://twi19ztf1c01.prod.orfnet.at,twi19ztf1c02.prod.orfnet.at:8649/api/json/v2/about
[[11:34:44.529]] [LOG]   calling http://twi19ztf1c01.prod.orfnet.at,twi19ztf1c02.prod.orfnet.at:8649/api/json/v2/about
[[11:34:44.532]] [LOG]   calling http://twi19ztf1c01.prod.orfnet.at,twi19ztf1c02.prod.orfnet.at:8649/api/json/v2/about
[[11:34:44.535]] [LOG]   calling http://twi19ztf1c01.prod.orfnet.at,twi19ztf1c02.prod.orfnet.at:8649/api/json/v2/about
[[11:34:44.538]] [LOG]   calling http://twi19ztf1c01.prod.orfnet.at,twi19ztf1c02.prod.orfnet.at:8649/api/json/v2/about
[[11:34:44.541]] [LOG]   calling http://twi19ztf1c01.prod.orfnet.at,twi19ztf1c02.prod.orfnet.at:8649/api/json/v2/about
[[11:34:44.544]] [LOG]   calling http://twi19ztf1c01.prod.orfnet.at,twi19ztf1c02.prod.orfnet.at:8649/api/json/v2/about
[[11:34:44.547]] [LOG]   calling http://twi19ztf1c01.prod.orfnet.at,twi19ztf1c02.prod.orfnet.at:8649/api/json/v2/about
[[11:34:44.550]] [LOG]   calling http://twi19ztf1c01.prod.orfnet.at,twi19ztf1c02.prod.orfnet.at:8649/api/json/v2/about
[[11:34:44.553]] [LOG]   calling http://twi19ztf1c01.prod.orfnet.at,twi19ztf1c02.prod.orfnet.at:8649/api/json/v2/about
[[11:34:44.557]] [LOG]   calling http://twi19ztf1c01.prod.orfnet.at,twi19ztf1c02.prod.orfnet.at:8649/api/json/v2/about
[[11:34:44.560]] [LOG]   calling http://twi19ztf1c01.prod.orfnet.at,twi19ztf1c02.prod.orfnet.at:8649/api/json/v2/about
[[11:34:44.564]] [LOG]   calling http://twi19ztf1c01.prod.orfnet.at,twi19ztf1c02.prod.orfnet.at:8649/api/json/v2/about
[[11:34:44.566]] [LOG]   calling http://twi19ztf1c01.prod.orfnet.at,twi19ztf1c02.prod.orfnet.at:8649/api/json/v2/about
[[11:34:44.569]] [LOG]   calling http://twi19ztf1c01.prod.orfnet.at,twi19ztf1c02.prod.orfnet.at:8649/api/json/v2/about
[[11:34:44.572]] [LOG]   calling http://twi19ztf1c01.prod.orfnet.at,twi19ztf1c02.prod.orfnet.at:8649/api/json/v2/about
[[11:34:44.575]] [LOG]   calling http://twi19ztf1c01.prod.orfnet.at,twi19ztf1c02.prod.orfnet.at:8649/api/json/v2/about
[[11:34:44.578]] [LOG]   calling http://twi19ztf1c01.prod.orfnet.at,twi19ztf1c02.prod.orfnet.at:8649/api/json/v2/about
[[11:34:44.581]] [LOG]   calling http://twi19ztf1c01.prod.orfnet.at,twi19ztf1c02.prod.orfnet.at:8649/api/json/v2/about
[[11:34:44.584]] [LOG]   calling http://twi19ztf1c01.prod.orfnet.at,twi19ztf1c02.prod.orfnet.at:8649/api/json/v2/about
[[11:34:44.587]] [LOG]   calling http://twi19ztf1c01.prod.orfnet.at,twi19ztf1c02.prod.orfnet.at:8649/api/json/v2/about
[[11:34:44.590]] [LOG]   calling http://twi19ztf1c01.prod.orfnet.at,twi19ztf1c02.prod.orfnet.at:8649/api/json/v2/about
[[11:34:44.594]] [LOG]   calling http://twi19ztf1c01.prod.orfnet.at,twi19ztf1c02.prod.orfnet.at:8649/api/json/v2/about
[[11:34:44.596]] [LOG]   calling http://twi19ztf1c01.prod.orfnet.at,twi19ztf1c02.prod.orfnet.at:8649/api/json/v2/about
[[11:34:44.599]] [LOG]   calling http://twi19ztf1c01.prod.orfnet.at,twi19ztf1c02.prod.orfnet.at:8649/api/json/v2/about
[[11:34:44.602]] [LOG]   calling http://twi19ztf1c01.prod.orfnet.at,twi19ztf1c02.prod.orfnet.at:8649/api/json/v2/about
[[11:34:44.605]] [LOG]   calling http://twi19ztf1c01.prod.orfnet.at,twi19ztf1c02.prod.orfnet.at:8649/api/json/v2/about
[[11:34:44.609]] [LOG]   calling http://twi19ztf1c01.prod.orfnet.at,twi19ztf1c02.prod.orfnet.at:8649/api/json/v2/about
[[11:34:44.612]] [LOG]   calling http://twi19ztf1c01.prod.orfnet.at,twi19ztf1c02.prod.orfnet.at:8649/api/json/v2/about
[[11:34:44.615]] [LOG]   calling http://twi19ztf1c01.prod.orfnet.at,twi19ztf1c02.prod.orfnet.at:8649/api/json/v2/about
[[11:34:44.618]] [LOG]   calling http://twi19ztf1c01.prod.orfnet.at,twi19ztf1c02.prod.orfnet.at:8649/api/json/v2/about
[[11:34:44.621]] [LOG]   calling http://twi19ztf1c01.prod.orfnet.at,twi19ztf1c02.prod.orfnet.at:8649/api/json/v2/about
[[11:34:44.624]] [LOG]   calling http://twi19ztf1c01.prod.orfnet.at,twi19ztf1c02.prod.orfnet.at:8649/api/json/v2/about
[[11:34:44.627]] [LOG]   calling http://twi19ztf1c01.prod.orfnet.at,twi19ztf1c02.prod.orfnet.at:8649/api/json/v2/about
[[11:34:44.630]] [LOG]   calling http://twi19ztf1c01.prod.orfnet.at,twi19ztf1c02.prod.orfnet.at:8649/api/json/v2/about
[[11:34:44.632]] [LOG]   calling http://twi19ztf1c01.prod.orfnet.at,twi19ztf1c02.prod.orfnet.at:8649/api/json/v2/about
[[11:34:44.635]] [LOG]   calling http://twi19ztf1c01.prod.orfnet.at,twi19ztf1c02.prod.orfnet.at:8649/api/json/v2/about
[[11:34:44.638]] [LOG]   calling http://twi19ztf1c01.prod.orfnet.at,twi19ztf1c02.prod.orfnet.at:8649/api/json/v2/about
[[11:34:44.642]] [LOG]   calling http://twi19ztf1c01.prod.orfnet.at,twi19ztf1c02.prod.orfnet.at:8649/api/json/v2/about
[[11:34:44.645]] [LOG]   calling http://twi19ztf1c01.prod.orfnet.at,twi19ztf1c02.prod.orfnet.at:8649/api/json/v2/about
[[11:34:44.648]] [LOG]   calling http://twi19ztf1c01.prod.orfnet.at,twi19ztf1c02.prod.orfnet.at:8649/api/json/v2/about
[[11:34:44.651]] [LOG]   calling http://twi19ztf1c01.prod.orfnet.at,twi19ztf1c02.prod.orfnet.at:8649/api/json/v2/about
[[11:34:44.654]] [LOG]   calling http://twi19ztf1c01.prod.orfnet.at,twi19ztf1c02.prod.orfnet.at:8649/api/json/v2/about
[[11:34:44.660]] [LOG]   calling http://twi19ztf1c01.prod.orfnet.at,twi19ztf1c02.prod.orfnet.at:8649/api/json/v2/about
[[11:34:44.663]] [LOG]   calling http://twi19ztf1c01.prod.orfnet.at,twi19ztf1c02.prod.orfnet.at:8649/api/json/v2/about
[[11:34:44.667]] [LOG]   calling http://twi19ztf1c01.prod.orfnet.at,twi19ztf1c02.prod.orfnet.at:8649/api/json/v2/about
[[11:34:44.670]] [LOG]   calling http://twi19ztf1c01.prod.orfnet.at,twi19ztf1c02.prod.orfnet.at:8649/api/json/v2/about
[[11:34:44.673]] [LOG]   calling http://twi19ztf1c01.prod.orfnet.at,twi19ztf1c02.prod.orfnet.at:8649/api/json/v2/about
[[11:34:44.677]] [LOG]   calling http://twi19ztf1c01.prod.orfnet.at,twi19ztf1c02.prod.orfnet.at:8649/api/json/v2/about
[[11:34:44.680]] [LOG]   calling http://twi19ztf1c01.prod.orfnet.at,twi19ztf1c02.prod.orfnet.at:8649/api/json/v2/about
[[11:34:44.683]] [LOG]   calling http://twi19ztf1c01.prod.orfnet.at,twi19ztf1c02.prod.orfnet.at:8649/api/json/v2/about
[[11:34:44.687]] [LOG]   calling http://twi19ztf1c01.prod.orfnet.at,twi19ztf1c02.prod.orfnet.at:8649/api/json/v2/about
[[11:34:44.690]] [LOG]   calling http://twi19ztf1c01.prod.orfnet.at,twi19ztf1c02.prod.orfnet.at:8649/api/json/v2/about
[[11:34:44.693]] [LOG]   calling http://twi19ztf1c01.prod.orfnet.at,twi19ztf1c02.prod.orfnet.at:8649/api/json/v2/about
[[11:34:44.696]] [LOG]   calling http://twi19ztf1c01.prod.orfnet.at,twi19ztf1c02.prod.orfnet.at:8649/api/json/v2/about
[[11:34:44.700]] [LOG]   calling http://twi19ztf1c01.prod.orfnet.at,twi19ztf1c02.prod.orfnet.at:8649/api/json/v2/about
[[11:34:44.703]] [LOG]   calling http://twi19ztf1c01.prod.orfnet.at,twi19ztf1c02.prod.orfnet.at:8649/api/json/v2/about
[[11:34:44.706]] [LOG]   calling http://twi19ztf1c01.prod.orfnet.at,twi19ztf1c02.prod.orfnet.at:8649/api/json/v2/about
[[11:34:44.709]] [LOG]   calling http://twi19ztf1c01.prod.orfnet.at,twi19ztf1c02.prod.orfnet.at:8649/api/json/v2/about
[[11:34:44.712]] [LOG]   calling http://twi19ztf1c01.prod.orfnet.at,twi19ztf1c02.prod.orfnet.at:8649/api/json/v2/about
[[11:34:44.715]] [LOG]   calling http://twi19ztf1c01.prod.orfnet.at,twi19ztf1c02.prod.orfnet.at:8649/api/json/v2/about
[[11:34:44.719]] [LOG]   calling http://twi19ztf1c01.prod.orfnet.at,twi19ztf1c02.prod.orfnet.at:8649/api/json/v2/about
[[11:34:44.722]] [LOG]   calling http://twi19ztf1c01.prod.orfnet.at,twi19ztf1c02.prod.orfnet.at:8649/api/json/v2/about
[[11:34:44.726]] [LOG]   calling http://twi19ztf1c01.prod.orfnet.at,twi19ztf1c02.prod.orfnet.at:8649/api/json/v2/about
[[11:34:44.729]] [LOG]   calling http://twi19ztf1c01.prod.orfnet.at,twi19ztf1c02.prod.orfnet.at:8649/api/json/v2/about
[[11:34:44.732]] [LOG]   calling http://twi19ztf1c01.prod.orfnet.at,twi19ztf1c02.prod.orfnet.at:8649/api/json/v2/about
[[11:34:44.736]] [LOG]   calling http://twi19ztf1c01.prod.orfnet.at,twi19ztf1c02.prod.orfnet.at:8649/api/json/v2/about
[[11:34:44.746]] [LOG]   calling http://twi19ztf1c01.prod.orfnet.at,twi19ztf1c02.prod.orfnet.at:8649/api/json/v2/about
[[11:34:44.749]] [LOG]   calling http://twi19ztf1c01.prod.orfnet.at,twi19ztf1c02.prod.orfnet.at:8649/api/json/v2/about
[[11:34:44.752]] [LOG]   calling http://twi19ztf1c01.prod.orfnet.at,twi19ztf1c02.prod.orfnet.at:8649/api/json/v2/about
[[11:34:44.755]] [LOG]   calling http://twi19ztf1c01.prod.orfnet.at,twi19ztf1c02.prod.orfnet.at:8649/api/json/v2/about
[[11:34:44.758]] [LOG]   calling http://twi19ztf1c01.prod.orfnet.at,twi19ztf1c02.prod.orfnet.at:8649/api/json/v2/about
[[11:34:44.761]] [LOG]   calling http://twi19ztf1c01.prod.orfnet.at,twi19ztf1c02.prod.orfnet.at:8649/api/json/v2/about
[[11:34:44.764]] [LOG]   calling http://twi19ztf1c01.prod.orfnet.at,twi19ztf1c02.prod.orfnet.at:8649/api/json/v2/about
[[11:34:44.767]] [LOG]   calling http://twi19ztf1c01.prod.orfnet.at,twi19ztf1c02.prod.orfnet.at:8649/api/json/v2/about
[[11:34:44.776]] [LOG]   calling http://twi19ztf1c01.prod.orfnet.at,twi19ztf1c02.prod.orfnet.at:8649/api/json/v2/about
[[11:34:44.779]] [LOG]   calling http://twi19ztf1c01.prod.orfnet.at,twi19ztf1c02.prod.orfnet.at:8649/api/json/v2/about
[[11:34:44.782]] [LOG]   calling http://twi19ztf1c01.prod.orfnet.at,twi19ztf1c02.prod.orfnet.at:8649/api/json/v2/about
[[11:34:44.786]] [LOG]   calling http://twi19ztf1c01.prod.orfnet.at,twi19ztf1c02.prod.orfnet.at:8649/api/json/v2/about
[[11:34:44.789]] [LOG]   calling http://twi19ztf1c01.prod.orfnet.at,twi19ztf1c02.prod.orfnet.at:8649/api/json/v2/about
[[11:34:44.792]] [LOG]   calling http://twi19ztf1c01.prod.orfnet.at,twi19ztf1c02.prod.orfnet.at:8649/api/json/v2/about
[[11:34:44.795]] [LOG]   calling http://twi19ztf1c01.prod.orfnet.at,twi19ztf1c02.prod.orfnet.at:8649/api/json/v2/about
[[11:34:44.798]] [LOG]   calling http://twi19ztf1c01.prod.orfnet.at,twi19ztf1c02.prod.orfnet.at:8649/api/json/v2/about
[[11:34:44.802]] [LOG]   calling http://twi19ztf1c01.prod.orfnet.at,twi19ztf1c02.prod.orfnet.at:8649/api/json/v2/about
[[11:34:44.805]] [LOG]   calling http://twi19ztf1c01.prod.orfnet.at,twi19ztf1c02.prod.orfnet.at:8649/api/json/v2/about
[[11:34:44.809]] [LOG]   calling http://twi19ztf1c01.prod.orfnet.at,twi19ztf1c02.prod.orfnet.at:8649/api/json/v2/about
[[11:34:44.813]] [LOG]   calling http://twi19ztf1c01.prod.orfnet.at,twi19ztf1c02.prod.orfnet.at:8649/api/json/v2/about
[[11:34:44.824]] [LOG]   calling http://twi19ztf1c01.prod.orfnet.at,twi19ztf1c02.prod.orfnet.at:8649/api/json/v2/about
[[11:34:44.827]] [LOG]   calling http://twi19ztf1c01.prod.orfnet.at,twi19ztf1c02.prod.orfnet.at:8649/api/json/v2/about
[[11:34:44.830]] [LOG]   calling http://twi19ztf1c01.prod.orfnet.at,twi19ztf1c02.prod.orfnet.at:8649/api/json/v2/about
[[11:34:44.833]] [LOG]   calling http://twi19ztf1c01.prod.orfnet.at,twi19ztf1c02.prod.orfnet.at:8649/api/json/v2/about
[[11:34:44.837]] [LOG]   calling http://twi19ztf1c01.prod.orfnet.at,twi19ztf1c02.prod.orfnet.at:8649/api/json/v2/about
[[11:34:44.840]] [LOG]   calling http://twi19ztf1c01.prod.orfnet.at,twi19ztf1c02.prod.orfnet.at:8649/api/json/v2/about
[[11:34:44.843]] [LOG]   calling http://twi19ztf1c01.prod.orfnet.at,twi19ztf1c02.prod.orfnet.at:8649/api/json/v2/about
[[11:34:44.846]] [LOG]   calling http://twi19ztf1c01.prod.orfnet.at,twi19ztf1c02.prod.orfnet.at:8649/api/json/v2/about
[[11:34:44.850]] [LOG]   calling http://twi19ztf1c01.prod.orfnet.at,twi19ztf1c02.prod.orfnet.at:8649/api/json/v2/about
[[11:34:44.853]] [LOG]   calling http://twi19ztf1c01.prod.orfnet.at,twi19ztf1c02.prod.orfnet.at:8649/api/json/v2/about
[[11:34:44.856]] [LOG]   calling http://twi19ztf1c01.prod.orfnet.at,twi19ztf1c02.prod.orfnet.at:8649/api/json/v2/about
[[11:34:44.859]] [LOG]   calling http://twi19ztf1c01.prod.orfnet.at,twi19ztf1c02.prod.orfnet.at:8649/api/json/v2/about
[[11:34:44.862]] [LOG]   calling http://twi19ztf1c01.prod.orfnet.at,twi19ztf1c02.prod.orfnet.at:8649/api/json/v2/about
[[11:34:44.865]] [LOG]   calling http://twi19ztf1c01.prod.orfnet.at,twi19ztf1c02.prod.orfnet.at:8649/api/json/v2/about
[[11:34:44.868]] [LOG]   calling http://twi19ztf1c01.prod.orfnet.at,twi19ztf1c02.prod.orfnet.at:8649/api/json/v2/about
[[11:34:44.871]] [LOG]   calling http://twi19ztf1c01.prod.orfnet.at,twi19ztf1c02.prod.orfnet.at:8649/api/json/v2/about
[[11:34:44.875]] [LOG]   calling http://twi19ztf1c01.prod.orfnet.at,twi19ztf1c02.prod.orfnet.at:8649/api/json/v2/about
[[11:34:44.877]] [LOG]   calling http://twi19ztf1c01.prod.orfnet.at,twi19ztf1c02.prod.orfnet.at:8649/api/json/v2/about
[[11:34:44.886]] [LOG]   calling http://twi19ztf1c01.prod.orfnet.at,twi19ztf1c02.prod.orfnet.at:8649/api/json/v2/about
[[11:34:44.889]] [LOG]   calling http://twi19ztf1c01.prod.orfnet.at,twi19ztf1c02.prod.orfnet.at:8649/api/json/v2/about
[[11:34:44.892]] [LOG]   calling http://twi19ztf1c01.prod.orfnet.at,twi19ztf1c02.prod.orfnet.at:8649/api/json/v2/about
[[11:34:44.896]] [LOG]   calling http://twi19ztf1c01.prod.orfnet.at,twi19ztf1c02.prod.orfnet.at:8649/api/json/v2/about
[[11:34:44.899]] [LOG]   calling http://twi19ztf1c01.prod.orfnet.at,twi19ztf1c02.prod.orfnet.at:8649/api/json/v2/about
[[11:34:44.902]] [LOG]   calling http://twi19ztf1c01.prod.orfnet.at,twi19ztf1c02.prod.orfnet.at:8649/api/json/v2/about
[[11:34:44.905]] [LOG]   calling http://twi19ztf1c01.prod.orfnet.at,twi19ztf1c02.prod.orfnet.at:8649/api/json/v2/about
[[11:34:44.909]] [LOG]   calling http://twi19ztf1c01.prod.orfnet.at,twi19ztf1c02.prod.orfnet.at:8649/api/json/v2/about
[[11:34:44.912]] [LOG]   calling http://twi19ztf1c01.prod.orfnet.at,twi19ztf1c02.prod.orfnet.at:8649/api/json/v2/about
[[11:34:44.915]] [LOG]   calling http://twi19ztf1c01.prod.orfnet.at,twi19ztf1c02.prod.orfnet.at:8649/api/json/v2/about
[[11:34:44.918]] [LOG]   calling http://twi19ztf1c01.prod.orfnet.at,twi19ztf1c02.prod.orfnet.at:8649/api/json/v2/about
[[11:34:44.921]] [LOG]   calling http://twi19ztf1c01.prod.orfnet.at,twi19ztf1c02.prod.orfnet.at:8649/api/json/v2/about
[[11:34:44.924]] [LOG]   calling http://twi19ztf1c01.prod.orfnet.at,twi19ztf1c02.prod.orfnet.at:8649/api/json/v2/about
[[11:34:44.927]] [LOG]   calling http://twi19ztf1c01.prod.orfnet.at,twi19ztf1c02.prod.orfnet.at:8649/api/json/v2/about
[[11:34:44.930]] [LOG]   calling http://twi19ztf1c01.prod.orfnet.at,twi19ztf1c02.prod.orfnet.at:8649/api/json/v2/about
[[11:34:44.933]] [LOG]   calling http://twi19ztf1c01.prod.orfnet.at,twi19ztf1c02.prod.orfnet.at:8649/api/json/v2/about
[[11:34:44.936]] [LOG]   calling http://twi19ztf1c01.prod.orfnet.at,twi19ztf1c02.prod.orfnet.at:8649/api/json/v2/about
[[11:34:44.939]] [LOG]   calling http://twi19ztf1c01.prod.orfnet.at,twi19ztf1c02.prod.orfnet.at:8649/api/json/v2/about
[[11:34:44.942]] [LOG]   calling http://twi19ztf1c01.prod.orfnet.at,twi19ztf1c02.prod.orfnet.at:8649/api/json/v2/about
[[11:34:44.945]] [LOG]   calling http://twi19ztf1c01.prod.orfnet.at,twi19ztf1c02.prod.orfnet.at:8649/api/json/v2/about
[[11:34:44.948]] [LOG]   calling http://twi19ztf1c01.prod.orfnet.at,twi19ztf1c02.prod.orfnet.at:8649/api/json/v2/about
[[11:34:44.951]] [LOG]   calling http://twi19ztf1c01.prod.orfnet.at,twi19ztf1c02.prod.orfnet.at:8649/api/json/v2/about
[[11:34:44.954]] [LOG]   calling http://twi19ztf1c01.prod.orfnet.at,twi19ztf1c02.prod.orfnet.at:8649/api/json/v2/about
[[11:34:44.957]] [LOG]   calling http://twi19ztf1c01.prod.orfnet.at,twi19ztf1c02.prod.orfnet.at:8649/api/json/v2/about
[[11:34:44.960]] [LOG]   calling http://twi19ztf1c01.prod.orfnet.at,twi19ztf1c02.prod.orfnet.at:8649/api/json/v2/about
[[11:34:44.963]] [LOG]   calling http://twi19ztf1c01.prod.orfnet.at,twi19ztf1c02.prod.orfnet.at:8649/api/json/v2/about
[[11:34:44.966]] [LOG]   calling http://twi19ztf1c01.prod.orfnet.at,twi19ztf1c02.prod.orfnet.at:8649/api/json/v2/about
[[11:34:44.969]] [LOG]   calling http://twi19ztf1c01.prod.orfnet.at,twi19ztf1c02.prod.orfnet.at:8649/api/json/v2/about
[[11:34:44.972]] [LOG]   calling http://twi19ztf1c01.prod.orfnet.at,twi19ztf1c02.prod.orfnet.at:8649/api/json/v2/about
[[11:34:44.976]] [LOG]   calling http://twi19ztf1c01.prod.orfnet.at,twi19ztf1c02.prod.orfnet.at:8649/api/json/v2/about
[[11:34:44.979]] [LOG]   calling http://twi19ztf1c01.prod.orfnet.at,twi19ztf1c02.prod.orfnet.at:8649/api/json/v2/about
[[11:34:44.982]] [LOG]   calling http://twi19ztf1c01.prod.orfnet.at,twi19ztf1c02.prod.orfnet.at:8649/api/json/v2/about
[[11:34:44.985]] [LOG]   calling http://twi19ztf1c01.prod.orfnet.at,twi19ztf1c02.prod.orfnet.at:8649/api/json/v2/about
[[11:34:44.988]] [LOG]   calling http://twi19ztf1c01.prod.orfnet.at,twi19ztf1c02.prod.orfnet.at:8649/api/json/v2/about
[[11:34:44.991]] [LOG]   calling http://twi19ztf1c01.prod.orfnet.at,twi19ztf1c02.prod.orfnet.at:8649/api/json/v2/about
[[11:34:44.994]] [LOG]   calling http://twi19ztf1c01.prod.orfnet.at,twi19ztf1c02.prod.orfnet.at:8649/api/json/v2/about
[[11:34:44.997]] [LOG]   calling http://twi19ztf1c01.prod.orfnet.at,twi19ztf1c02.prod.orfnet.at:8649/api/json/v2/about
[[11:34:45.000]] [LOG]   calling http://twi19ztf1c01.prod.orfnet.at,twi19ztf1c02.prod.orfnet.at:8649/api/json/v2/about
[[11:34:45.003]] [LOG]   calling http://twi19ztf1c01.prod.orfnet.at,twi19ztf1c02.prod.orfnet.at:8649/api/json/v2/about
[[11:34:45.006]] [LOG]   calling http://twi19ztf1c01.prod.orfnet.at,twi19ztf1c02.prod.orfnet.at:8649/api/json/v2/about
[[11:34:45.010]] [LOG]   calling http://twi19ztf1c01.prod.orfnet.at,twi19ztf1c02.prod.orfnet.at:8649/api/json/v2/about
[[11:34:45.014]] [LOG]   calling http://twi19ztf1c01.prod.orfnet.at,twi19ztf1c02.prod.orfnet.at:8649/api/json/v2/about
[[11:34:45.017]] [LOG]   calling http://twi19ztf1c01.prod.orfnet.at,twi19ztf1c02.prod.orfnet.at:8649/api/json/v2/about
[[11:34:45.020]] [LOG]   calling http://twi19ztf1c01.prod.orfnet.at,twi19ztf1c02.prod.orfnet.at:8649/api/json/v2/about
[[11:34:45.022]] [LOG]   calling http://twi19ztf1c01.prod.orfnet.at,twi19ztf1c02.prod.orfnet.at:8649/api/json/v2/about
[[11:34:45.025]] [LOG]   calling http://twi19ztf1c01.prod.orfnet.at,twi19ztf1c02.prod.orfnet.at:8649/api/json/v2/about
[[11:34:45.028]] [LOG]   calling http://twi19ztf1c01.prod.orfnet.at,twi19ztf1c02.prod.orfnet.at:8649/api/json/v2/about
[[11:34:45.031]] [LOG]   calling http://twi19ztf1c01.prod.orfnet.at,twi19ztf1c02.prod.orfnet.at:8649/api/json/v2/about
[[11:34:45.034]] [LOG]   calling http://twi19ztf1c01.prod.orfnet.at,twi19ztf1c02.prod.orfnet.at:8649/api/json/v2/about
[[11:34:45.037]] [LOG]   calling http://twi19ztf1c01.prod.orfnet.at,twi19ztf1c02.prod.orfnet.at:8649/api/json/v2/about
[[11:34:45.040]] [LOG]   calling http://twi19ztf1c01.prod.orfnet.at,twi19ztf1c02.prod.orfnet.at:8649/api/json/v2/about
[[11:34:45.043]] [LOG]   calling http://twi19ztf1c01.prod.orfnet.at,twi19ztf1c02.prod.orfnet.at:8649/api/json/v2/about
[[11:34:45.046]] [LOG]   calling http://twi19ztf1c01.prod.orfnet.at,twi19ztf1c02.prod.orfnet.at:8649/api/json/v2/about
[[11:34:45.048]] [LOG]   calling http://twi19ztf1c01.prod.orfnet.at,twi19ztf1c02.prod.orfnet.at:8649/api/json/v2/about
[[11:34:45.051]] [LOG]   calling http://twi19ztf1c01.prod.orfnet.at,twi19ztf1c02.prod.orfnet.at:8649/api/json/v2/about
[[11:34:45.054]] [LOG]   calling http://twi19ztf1c01.prod.orfnet.at,twi19ztf1c02.prod.orfnet.at:8649/api/json/v2/about
[[11:34:45.057]] [LOG]   calling http://twi19ztf1c01.prod.orfnet.at,twi19ztf1c02.prod.orfnet.at:8649/api/json/v2/about
[[11:34:45.060]] [LOG]   calling http://twi19ztf1c01.prod.orfnet.at,twi19ztf1c02.prod.orfnet.at:8649/api/json/v2/about
[[11:34:45.063]] [LOG]   calling http://twi19ztf1c01.prod.orfnet.at,twi19ztf1c02.prod.orfnet.at:8649/api/json/v2/about
[[11:34:45.066]] [LOG]   calling http://twi19ztf1c01.prod.orfnet.at,twi19ztf1c02.prod.orfnet.at:8649/api/json/v2/about
[[11:34:45.069]] [LOG]   calling http://twi19ztf1c01.prod.orfnet.at,twi19ztf1c02.prod.orfnet.at:8649/api/json/v2/about
[[11:34:45.072]] [LOG]   calling http://twi19ztf1c01.prod.orfnet.at,twi19ztf1c02.prod.orfnet.at:8649/api/json/v2/about
[[11:34:45.075]] [LOG]   calling http://twi19ztf1c01.prod.orfnet.at,twi19ztf1c02.prod.orfnet.at:8649/api/json/v2/about
[[11:34:45.078]] [LOG]   calling http://twi19ztf1c01.prod.orfnet.at,twi19ztf1c02.prod.orfnet.at:8649/api/json/v2/about
[[11:34:45.081]] [LOG]   calling http://twi19ztf1c01.prod.orfnet.at,twi19ztf1c02.prod.orfnet.at:8649/api/json/v2/about
[[11:34:45.084]] [LOG]   calling http://twi19ztf1c01.prod.orfnet.at,twi19ztf1c02.prod.orfnet.at:8649/api/json/v2/about
[[11:34:45.087]] [LOG]   calling http://twi19ztf1c01.prod.orfnet.at,twi19ztf1c02.prod.orfnet.at:8649/api/json/v2/about
[[11:34:45.090]] [LOG]   calling http://twi19ztf1c01.prod.orfnet.at,twi19ztf1c02.prod.orfnet.at:8649/api/json/v2/about
[[11:34:45.093]] [LOG]   calling http://twi19ztf1c01.prod.orfnet.at,twi19ztf1c02.prod.orfnet.at:8649/api/json/v2/about
[[11:34:45.096]] [LOG]   calling http://twi19ztf1c01.prod.orfnet.at,twi19ztf1c02.prod.orfnet.at:8649/api/json/v2/about
[[11:34:45.099]] [LOG]   calling http://twi19ztf1c01.prod.orfnet.at,twi19ztf1c02.prod.orfnet.at:8649/api/json/v2/about
[[11:34:45.103]] [LOG]   calling http://twi19ztf1c01.prod.orfnet.at,twi19ztf1c02.prod.orfnet.at:8649/api/json/v2/about
[[11:34:45.106]] [LOG]   calling http://twi19ztf1c01.prod.orfnet.at,twi19ztf1c02.prod.orfnet.at:8649/api/json/v2/about
[[11:34:45.109]] [LOG]   calling http://twi19ztf1c01.prod.orfnet.at,twi19ztf1c02.prod.orfnet.at:8649/api/json/v2/about
[[11:34:45.113]] [LOG]   calling http://twi19ztf1c01.prod.orfnet.at,twi19ztf1c02.prod.orfnet.at:8649/api/json/v2/about
[[11:34:45.116]] [LOG]   calling http://twi19ztf1c01.prod.orfnet.at,twi19ztf1c02.prod.orfnet.at:8649/api/json/v2/about
[[11:34:45.119]] [LOG]   calling http://twi19ztf1c01.prod.orfnet.at,twi19ztf1c02.prod.orfnet.at:8649/api/json/v2/about
[[11:34:45.122]] [LOG]   calling http://twi19ztf1c01.prod.orfnet.at,twi19ztf1c02.prod.orfnet.at:8649/api/json/v2/about
[[11:34:45.125]] [LOG]   calling http://twi19ztf1c01.prod.orfnet.at,twi19ztf1c02.prod.orfnet.at:8649/api/json/v2/about
[[11:34:45.128]] [LOG]   calling http://twi19ztf1c01.prod.orfnet.at,twi19ztf1c02.prod.orfnet.at:8649/api/json/v2/about
[[11:34:45.131]] [LOG]   calling http://twi19ztf1c01.prod.orfnet.at,twi19ztf1c02.prod.orfnet.at:8649/api/json/v2/about
[[11:34:45.135]] [LOG]   calling http://twi19ztf1c01.prod.orfnet.at,twi19ztf1c02.prod.orfnet.at:8649/api/json/v2/about
[[11:34:45.137]] [LOG]   calling http://twi19ztf1c01.prod.orfnet.at,twi19ztf1c02.prod.orfnet.at:8649/api/json/v2/about
[[11:34:45.141]] [LOG]   calling http://twi19ztf1c01.prod.orfnet.at,twi19ztf1c02.prod.orfnet.at:8649/api/json/v2/about
[[11:34:45.144]] [LOG]   calling http://twi19ztf1c01.prod.orfnet.at,twi19ztf1c02.prod.orfnet.at:8649/api/json/v2/about
[[11:34:45.147]] [LOG]   calling http://twi19ztf1c01.prod.orfnet.at,twi19ztf1c02.prod.orfnet.at:8649/api/json/v2/about
[[11:34:45.150]] [LOG]   calling http://twi19ztf1c01.prod.orfnet.at,twi19ztf1c02.prod.orfnet.at:8649/api/json/v2/about
[[11:34:45.155]] [LOG]   calling http://twi19ztf1c01.prod.orfnet.at,twi19ztf1c02.prod.orfnet.at:8649/api/json/v2/about
[[11:34:45.158]] [LOG]   calling http://twi19ztf1c01.prod.orfnet.at,twi19ztf1c02.prod.orfnet.at:8649/api/json/v2/about
[[11:34:45.161]] [LOG]   calling http://twi19ztf1c01.prod.orfnet.at,twi19ztf1c02.prod.orfnet.at:8649/api/json/v2/about
[[11:34:45.165]] [LOG]   calling http://twi19ztf1c01.prod.orfnet.at,twi19ztf1c02.prod.orfnet.at:8649/api/json/v2/about
[[11:34:45.168]] [LOG]   calling http://twi19ztf1c01.prod.orfnet.at,twi19ztf1c02.prod.orfnet.at:8649/api/json/v2/about
[[11:34:45.171]] [LOG]   calling http://twi19ztf1c01.prod.orfnet.at,twi19ztf1c02.prod.orfnet.at:8649/api/json/v2/about
[[11:34:45.174]] [LOG]   calling http://twi19ztf1c01.prod.orfnet.at,twi19ztf1c02.prod.orfnet.at:8649/api/json/v2/about
[[11:34:45.177]] [LOG]   calling http://twi19ztf1c01.prod.orfnet.at,twi19ztf1c02.prod.orfnet.at:8649/api/json/v2/about
