t=2021-03-18T12:38:16+0100 lvl=info msg="Starting Grafana" logger=server version=7.4.3 commit=010f20c1c8 branch=HEAD compiled=2021-02-24T11:29:10+0100
t=2021-03-18T12:38:16+0100 lvl=info msg="Config loaded from" logger=settings file=F:\\dev\\ffa\\ffastrans_webui\\tools\\prometheus\\grafana-7.4.3/conf/defaults.ini
t=2021-03-18T12:38:16+0100 lvl=info msg="Config loaded from" logger=settings file=F:\\dev\\ffa\\ffastrans_webui\\tools\\prometheus\\grafana-7.4.3\\conf\\custom.ini
t=2021-03-18T12:38:16+0100 lvl=info msg="Path Home" logger=settings path=F:\\dev\\ffa\\ffastrans_webui\\tools\\prometheus\\grafana-7.4.3
t=2021-03-18T12:38:16+0100 lvl=info msg="Path Data" logger=settings path=F:\\dev\\ffa\\ffastrans_webui\\tools\\prometheus\\grafana-7.4.3\\data
t=2021-03-18T12:38:16+0100 lvl=info msg="Path Logs" logger=settings path=F:\\dev\\ffa\\ffastrans_webui\\tools\\prometheus\\grafana-7.4.3\\data\\log
t=2021-03-18T12:38:16+0100 lvl=info msg="Path Plugins" logger=settings path=F:\\dev\\ffa\\ffastrans_webui\\tools\\prometheus\\grafana-7.4.3\\data\\plugins
t=2021-03-18T12:38:16+0100 lvl=info msg="Path Provisioning" logger=settings path=F:\\dev\\ffa\\ffastrans_webui\\tools\\prometheus\\grafana-7.4.3\\conf\\provisioning
t=2021-03-18T12:38:16+0100 lvl=info msg="App mode production" logger=settings
t=2021-03-18T12:38:16+0100 lvl=info msg="Connecting to DB" logger=sqlstore dbtype=sqlite3
t=2021-03-18T12:38:16+0100 lvl=warn msg="SQLite database file has broader permissions than it should" logger=sqlstore path=F:\\dev\\ffa\\ffastrans_webui\\tools\\prometheus\\grafana-7.4.3\\data\\grafana.db mode=-rw-rw-rw- expected=-rw-r-----
t=2021-03-18T12:38:16+0100 lvl=info msg="Starting DB migrations" logger=migrator
t=2021-03-18T12:38:16+0100 lvl=info msg="Starting plugin search" logger=plugins
t=2021-03-18T12:38:16+0100 lvl=warn msg="Plugin file's signature has been modified versus manifest" logger=plugins plugin=input filename=F:\\dev\\ffa\\ffastrans_webui\\tools\\prometheus\\grafana-7.4.3\\plugins-bundled\\internal\\input-datasource\\module.js.LICENSE.txt
t=2021-03-18T12:38:16+0100 lvl=info msg="Registering plugin" logger=plugins id=input
t=2021-03-18T12:38:16+0100 lvl=info msg="External plugins directory created" logger=plugins directory=F:\\dev\\ffa\\ffastrans_webui\\tools\\prometheus\\grafana-7.4.3\\data\\plugins
t=2021-03-18T12:38:17+0100 lvl=info msg="HTTP Server Listen" logger=http.server address=[::]:3004 protocol=http subUrl= socket=
t=2021-03-18T12:38:19+0100 lvl=info msg="Shutdown started" logger=server reason="System signal: interrupt"
t=2021-03-18T12:39:51+0100 lvl=info msg="Starting Grafana" logger=server version=7.4.3 commit=010f20c1c8 branch=HEAD compiled=2021-02-24T11:29:10+0100
t=2021-03-18T12:39:51+0100 lvl=info msg="Config loaded from" logger=settings file=F:\\dev\\ffa\\ffastrans_webui\\tools\\prometheus\\grafana-7.4.3/conf/defaults.ini
t=2021-03-18T12:39:51+0100 lvl=info msg="Config loaded from" logger=settings file=F:\\dev\\ffa\\ffastrans_webui\\tools\\prometheus\\grafana-7.4.3\\conf\\custom.ini
t=2021-03-18T12:39:51+0100 lvl=info msg="Path Home" logger=settings path=F:\\dev\\ffa\\ffastrans_webui\\tools\\prometheus\\grafana-7.4.3
t=2021-03-18T12:39:51+0100 lvl=info msg="Path Data" logger=settings path=F:\\dev\\ffa\\ffastrans_webui\\tools\\prometheus\\grafana-7.4.3\\data
t=2021-03-18T12:39:51+0100 lvl=info msg="Path Logs" logger=settings path=F:\\dev\\ffa\\ffastrans_webui\\tools\\prometheus\\grafana-7.4.3\\data\\log
t=2021-03-18T12:39:51+0100 lvl=info msg="Path Plugins" logger=settings path=F:\\dev\\ffa\\ffastrans_webui\\tools\\prometheus\\grafana-7.4.3\\data\\plugins
t=2021-03-18T12:39:51+0100 lvl=info msg="Path Provisioning" logger=settings path=F:\\dev\\ffa\\ffastrans_webui\\tools\\prometheus\\grafana-7.4.3\\conf\\provisioning
t=2021-03-18T12:39:51+0100 lvl=info msg="App mode production" logger=settings
t=2021-03-18T12:39:51+0100 lvl=info msg="Connecting to DB" logger=sqlstore dbtype=sqlite3
t=2021-03-18T12:39:51+0100 lvl=warn msg="SQLite database file has broader permissions than it should" logger=sqlstore path=F:\\dev\\ffa\\ffastrans_webui\\tools\\prometheus\\grafana-7.4.3\\data\\grafana.db mode=-rw-rw-rw- expected=-rw-r-----
t=2021-03-18T12:39:51+0100 lvl=info msg="Starting DB migrations" logger=migrator
t=2021-03-18T12:39:51+0100 lvl=info msg="Starting plugin search" logger=plugins
t=2021-03-18T12:39:52+0100 lvl=warn msg="Plugin file's signature has been modified versus manifest" logger=plugins plugin=input filename=F:\\dev\\ffa\\ffastrans_webui\\tools\\prometheus\\grafana-7.4.3\\plugins-bundled\\internal\\input-datasource\\plugin.json
t=2021-03-18T12:39:52+0100 lvl=info msg="Registering plugin" logger=plugins id=input
t=2021-03-18T12:39:52+0100 lvl=info msg="HTTP Server Listen" logger=http.server address=[::]:3004 protocol=http subUrl= socket=
t=2021-03-18T12:39:54+0100 lvl=info msg="Shutdown started" logger=server reason="System signal: interrupt"
t=2021-03-18T13:00:45+0100 lvl=info msg="Starting Grafana" logger=server version=7.4.3 commit=010f20c1c8 branch=HEAD compiled=2021-02-24T11:29:10+0100
t=2021-03-18T13:00:45+0100 lvl=info msg="Config loaded from" logger=settings file=F:\\dev\\ffa\\ffastrans_webui\\tools\\prometheus\\grafana-7.4.3/conf/defaults.ini
t=2021-03-18T13:00:45+0100 lvl=info msg="Config loaded from" logger=settings file=F:\\dev\\ffa\\ffastrans_webui\\tools\\prometheus\\grafana-7.4.3\\conf\\custom.ini
t=2021-03-18T13:00:45+0100 lvl=info msg="Path Home" logger=settings path=F:\\dev\\ffa\\ffastrans_webui\\tools\\prometheus\\grafana-7.4.3
t=2021-03-18T13:00:45+0100 lvl=info msg="Path Data" logger=settings path=F:\\dev\\ffa\\ffastrans_webui\\tools\\prometheus\\grafana-7.4.3\\data
t=2021-03-18T13:00:45+0100 lvl=info msg="Path Logs" logger=settings path=F:\\dev\\ffa\\ffastrans_webui\\tools\\prometheus\\grafana-7.4.3\\data\\log
t=2021-03-18T13:00:45+0100 lvl=info msg="Path Plugins" logger=settings path=F:\\dev\\ffa\\ffastrans_webui\\tools\\prometheus\\grafana-7.4.3\\data\\plugins
t=2021-03-18T13:00:45+0100 lvl=info msg="Path Provisioning" logger=settings path=F:\\dev\\ffa\\ffastrans_webui\\tools\\prometheus\\grafana-7.4.3\\conf\\provisioning
t=2021-03-18T13:00:45+0100 lvl=info msg="App mode production" logger=settings
t=2021-03-18T13:00:45+0100 lvl=info msg="Connecting to DB" logger=sqlstore dbtype=sqlite3
t=2021-03-18T13:00:45+0100 lvl=warn msg="SQLite database file has broader permissions than it should" logger=sqlstore path=F:\\dev\\ffa\\ffastrans_webui\\tools\\prometheus\\grafana-7.4.3\\data\\grafana.db mode=-rw-rw-rw- expected=-rw-r-----
t=2021-03-18T13:00:45+0100 lvl=info msg="Starting DB migrations" logger=migrator
t=2021-03-18T13:00:45+0100 lvl=info msg="Starting plugin search" logger=plugins
t=2021-03-18T13:00:45+0100 lvl=warn msg="Plugin file's signature has been modified versus manifest" logger=plugins plugin=input filename=F:\\dev\\ffa\\ffastrans_webui\\tools\\prometheus\\grafana-7.4.3\\plugins-bundled\\internal\\input-datasource\\LICENSE
t=2021-03-18T13:00:45+0100 lvl=info msg="Registering plugin" logger=plugins id=input
t=2021-03-18T13:00:45+0100 lvl=info msg="HTTP Server Listen" logger=http.server address=[::]:3004 protocol=http subUrl= socket=
t=2021-03-18T13:00:47+0100 lvl=info msg="Shutdown started" logger=server reason="System signal: interrupt"
t=2021-03-18T13:07:53+0100 lvl=info msg="Starting Grafana" logger=server version=7.4.3 commit=010f20c1c8 branch=HEAD compiled=2021-02-24T11:29:10+0100
t=2021-03-18T13:07:53+0100 lvl=info msg="Config loaded from" logger=settings file=F:\\dev\\ffa\\FFASTR~1\\tools\\prometheus\\grafana-7.4.3/conf/defaults.ini
t=2021-03-18T13:07:53+0100 lvl=info msg="Config loaded from" logger=settings file=F:\\dev\\ffa\\FFASTR~1\\tools\\prometheus\\grafana-7.4.3\\conf\\custom.ini
t=2021-03-18T13:07:53+0100 lvl=info msg="Path Home" logger=settings path=F:\\dev\\ffa\\FFASTR~1\\tools\\prometheus\\grafana-7.4.3
t=2021-03-18T13:07:53+0100 lvl=info msg="Path Data" logger=settings path=F:\\dev\\ffa\\FFASTR~1\\tools\\prometheus\\grafana-7.4.3\\data
t=2021-03-18T13:07:53+0100 lvl=info msg="Path Logs" logger=settings path=F:\\dev\\ffa\\FFASTR~1\\tools\\prometheus\\grafana-7.4.3\\data\\log
t=2021-03-18T13:07:53+0100 lvl=info msg="Path Plugins" logger=settings path=F:\\dev\\ffa\\FFASTR~1\\tools\\prometheus\\grafana-7.4.3\\data\\plugins
t=2021-03-18T13:07:53+0100 lvl=info msg="Path Provisioning" logger=settings path=F:\\dev\\ffa\\FFASTR~1\\tools\\prometheus\\grafana-7.4.3\\conf\\provisioning
t=2021-03-18T13:07:53+0100 lvl=info msg="App mode production" logger=settings
t=2021-03-18T13:07:53+0100 lvl=info msg="Connecting to DB" logger=sqlstore dbtype=sqlite3
t=2021-03-18T13:07:53+0100 lvl=warn msg="SQLite database file has broader permissions than it should" logger=sqlstore path=F:\\dev\\ffa\\FFASTR~1\\tools\\prometheus\\grafana-7.4.3\\data\\grafana.db mode=-rw-rw-rw- expected=-rw-r-----
t=2021-03-18T13:07:53+0100 lvl=info msg="Starting DB migrations" logger=migrator
t=2021-03-18T13:07:53+0100 lvl=info msg="Starting plugin search" logger=plugins
t=2021-03-18T13:07:54+0100 lvl=warn msg="Plugin file's signature has been modified versus manifest" logger=plugins plugin=input filename=F:\\dev\\ffa\\FFASTR~1\\tools\\prometheus\\grafana-7.4.3\\plugins-bundled\\internal\\input-datasource\\README.md
t=2021-03-18T13:07:54+0100 lvl=info msg="Registering plugin" logger=plugins id=input
t=2021-03-18T13:07:54+0100 lvl=info msg="HTTP Server Listen" logger=http.server address=[::]:3004 protocol=http subUrl= socket=
t=2021-03-18T13:13:12+0100 lvl=eror msg="Failed to look up user based on cookie" logger=context error="user token not found"
t=2021-03-18T13:13:12+0100 lvl=info msg="Request Completed" logger=context userId=0 orgId=0 uname= method=GET path=/ status=302 remote_addr=[::1] time_ms=1 size=29 referer=
t=2021-03-18T13:13:26+0100 lvl=info msg="Successful Login" logger=http.server User=admin@localhost
t=2021-03-18T13:13:35+0100 lvl=info msg="Request Completed" logger=context userId=1 orgId=1 uname=admin method=POST path=/api/user/password/reset status=400 remote_addr=[::1] time_ms=249 size=52 referer=http://localhost:3004/login
t=2021-03-18T13:55:47+0100 lvl=info msg="Shutdown started" logger=server reason="System signal: interrupt"
