2023-03-18 16:38:26: info: [database]: ------------------------- log database startup -------------------------
2023-03-18 16:38:43: info: [database]: ------------------------- log database startup -------------------------
2023-03-18 16:38:43: info: [database]: Database port:  [33m8010[39m
2023-03-18 16:41:33: info: [database]: ------------------------- log database startup -------------------------
2023-03-18 16:41:33: info: [database]: Database port:  [33m8010[39m
2023-03-18 16:45:53: info: [database]: ------------------------- log database startup -------------------------
2023-03-18 16:45:53: info: [database]: Database port:  [33m8010[39m
2023-03-18 16:50:58: info: [database]: ------------------------- log database startup -------------------------
2023-03-18 16:50:58: info: [database]: Database port:  [33m8010[39m
2023-03-18 16:52:07: info: [database]: ------------------------- log database startup -------------------------
2023-03-18 16:52:07: info: [database]: Database port:  [33m8010[39m
2023-03-18 17:05:40: info: [database]: ------------------------- log database startup -------------------------
2023-03-18 17:05:40: info: [database]: Database port:  [33m8010[39m
2023-03-18 17:09:01: info: [database]: ------------------------- log database startup -------------------------
2023-03-18 17:09:01: info: [database]: Database port:  [33m8010[39m
2023-03-18 17:13:39: info: [database]: ------------------------- log database startup -------------------------
2023-03-18 17:13:39: info: [database]: Database port:  [33m8010[39m
2023-03-18 17:14:20: info: [database]: ------------------------- log database startup -------------------------
2023-03-18 17:14:20: info: [database]: Database port:  [33m8010[39m
2023-03-18 17:17:32: info: [database]: ------------------------- log database startup -------------------------
2023-03-18 17:17:32: info: [database]: Database port:  [33m8010[39m
2023-03-18 17:19:11: info: [database]: ------------------------- log database startup -------------------------
2023-03-18 17:19:11: info: [database]: Database port:  [33m8010[39m
2023-03-18 17:21:02: info: [database]: ------------------------- log database startup -------------------------
2023-03-18 17:21:02: info: [database]: Database port:  [33m8010[39m
2023-03-18 17:22:00: info: [database]: ------------------------- log database startup -------------------------
2023-03-18 17:22:00: info: [database]: Database port:  [33m8010[39m
2023-03-18 17:28:50: info: [database]: ------------------------- log database startup -------------------------
2023-03-18 17:28:50: info: [database]: Database port:  [33m8010[39m
2023-03-18 17:36:11: info: [database]: ------------------------- log database startup -------------------------
2023-03-18 17:36:11: info: [database]: Database port:  [33m8010[39m
2023-03-18 17:37:36: info: [database]: ------------------------- log database startup -------------------------
2023-03-18 17:37:36: info: [database]: Database port:  [33m8010[39m
2023-03-18 17:40:38: info: [database]: ------------------------- log database startup -------------------------
2023-03-18 17:40:38: info: [database]: Database port:  [33m8010[39m
2023-03-18 17:47:56: info: [database]: ------------------------- log database startup -------------------------
2023-03-18 17:47:56: info: [database]: Database port:  [33m8010[39m
2023-03-18 17:48:44: info: [database]: ------------------------- log database startup -------------------------
2023-03-18 17:48:44: info: [database]: Database port:  [33m8010[39m
2023-03-18 17:49:29: info: [database]: ------------------------- log database startup -------------------------
2023-03-18 17:49:29: info: [database]: Database port:  [33m8010[39m
2023-03-18 18:17:08: info: [database]: ------------------------- log database startup -------------------------
2023-03-18 18:17:08: info: [database]: Database port:  [33m8010[39m
2023-03-18 23:57:10: info: [database]: ------------------------- log database startup -------------------------
2023-03-18 23:57:10: info: [database]: Database port:  [33m8010[39m
2023-03-19 00:02:47: info: [database]: ------------------------- log database startup -------------------------
2023-03-19 00:02:47: info: [database]: Database port:  [33m8010[39m
2023-03-19 00:07:11: info: [database]: ------------------------- log database startup -------------------------
2023-03-19 00:07:11: info: [database]: Database port:  [33m8010[39m
2023-03-19 00:10:19: info: [database]: ------------------------- log database startup -------------------------
2023-03-19 00:10:19: info: [database]: Database port:  [33m8010[39m
2023-03-19 00:12:08: info: [database]: ------------------------- log database startup -------------------------
2023-03-19 00:12:08: info: [database]: Database port:  [33m8010[39m
2023-03-19 00:13:46: info: [database]: ------------------------- log database startup -------------------------
2023-03-19 00:13:46: info: [database]: Database port:  [33m8010[39m
2023-03-19 00:14:12: info: [database]: ------------------------- log database startup -------------------------
2023-03-19 00:14:12: info: [database]: Database port:  [33m8010[39m
2023-03-19 00:15:43: info: [database]: ------------------------- log database startup -------------------------
2023-03-19 00:15:43: info: [database]: Database port:  [33m8010[39m
2023-03-19 00:36:33: info: [database]: ------------------------- log database startup -------------------------
2023-03-19 00:36:33: info: [database]: Database port:  [33m8010[39m
2023-03-19 00:41:23: info: [database]: ------------------------- log database startup -------------------------
2023-03-19 00:41:23: info: [database]: Database port:  [33m8010[39m
2023-03-19 00:43:13: info: [database]: ------------------------- log database startup -------------------------
2023-03-19 00:43:13: info: [database]: Database port:  [33m8010[39m
2023-03-19 00:53:09: info: [database]: ------------------------- log database startup -------------------------
2023-03-19 00:53:09: info: [database]: Database port:  [33m8010[39m
2023-03-19 00:53:29: info: [database]: ------------------------- log database startup -------------------------
2023-03-19 00:53:29: info: [database]: Database port:  [33m8010[39m
2023-03-19 01:03:26: info: [database]: ------------------------- log database startup -------------------------
2023-03-19 01:03:26: info: [database]: Database port:  [33m8010[39m
2023-03-19 01:10:20: info: [database]: ------------------------- log database startup -------------------------
2023-03-19 01:10:20: info: [database]: Database port:  [33m8010[39m
undefined
undefined
2023-03-19 01:11:54: info: [database]: ------------------------- log database startup ------------------------- C:\dev\ffastrans_webui\node_modules\winston\node_modules\readable-stream\lib\_stream_writable.js:307
2023-03-19 01:11:54: info: [database]: Database port:  [33m8010[39m C:\dev\ffastrans_webui\node_modules\winston\node_modules\readable-stream\lib\_stream_writable.js:307
2023-03-19 01:12:59: info: [database]: ------------------------- log database startup ------------------------- C:\dev\ffastrans_webui\node_modules\winston\lib\winston\create-logger.js:81
2023-03-19 01:12:59: info: [database]: Database port:  [33m8010[39m C:\dev\ffastrans_webui\node_modules\winston\lib\winston\create-logger.js:81
2023-03-19 01:21:57: info: [database]: ------------------------- log database startup ------------------------- C:\dev\ffastrans_webui\node_components\common\logger.js:108
2023-03-19 01:21:57: info: [database]: Database port:  [33m8010[39m C:\dev\ffastrans_webui\node_components\common\logger.js:116
2023-03-19 01:22:49: info: [database]: ------------------------- log database startup ------------------------- C:\dev\ffastrans_webui\node_components\common\logger.js:116
2023-03-19 01:22:49: info: [database]: Database port:  [33m8010[39m C:\dev\ffastrans_webui\node_modules\winston\lib\winston\create-logger.js:81
2023-03-19 01:43:57: info: [database]: ------------------------- log database startup ------------------------- C:\dev\ffastrans_webui\node_components\common\logger.js21C:\dev\ffastrans_webui\node_components\common\logger.js52C:\dev\ffastrans_webui\node_modules\logform\combine.js20C:\dev\ffastrans_webui\node_modules\winston\lib\winston\logger.js305C:\dev\ffastrans_webui\node_modules\winston\node_modules\readable-stream\lib\_stream_transform.js177C:\dev\ffastrans_webui\node_modules\winston\node_modules\readable-stream\lib\_stream_transform.js164C:\dev\ffastrans_webui\node_modules\winston\node_modules\readable-stream\lib\_stream_writable.js409C:\dev\ffastrans_webui\node_modules\winston\node_modules\readable-stream\lib\_stream_writable.js398C:\dev\ffastrans_webui\node_modules\winston\node_modules\readable-stream\lib\_stream_writable.js307C:\dev\ffastrans_webui\node_modules\winston\lib\winston\create-logger.js81C:\dev\ffastrans_webui\node_components\common\logger.js125C:\dev\ffastrans_webui\node_components\common\logger.js117C:\dev\ffastrans_webui\server.js113node:internal/process/task_queues95
2023-03-19 01:43:57: info: [database]: Database port:  [33m8010[39m C:\dev\ffastrans_webui\node_components\common\logger.js21C:\dev\ffastrans_webui\node_components\common\logger.js52C:\dev\ffastrans_webui\node_modules\logform\combine.js20C:\dev\ffastrans_webui\node_modules\winston\lib\winston\logger.js305C:\dev\ffastrans_webui\node_modules\winston\node_modules\readable-stream\lib\_stream_transform.js177C:\dev\ffastrans_webui\node_modules\winston\node_modules\readable-stream\lib\_stream_transform.js164C:\dev\ffastrans_webui\node_modules\winston\node_modules\readable-stream\lib\_stream_writable.js409C:\dev\ffastrans_webui\node_modules\winston\node_modules\readable-stream\lib\_stream_writable.js398C:\dev\ffastrans_webui\node_modules\winston\node_modules\readable-stream\lib\_stream_writable.js307C:\dev\ffastrans_webui\node_modules\winston\lib\winston\create-logger.js81C:\dev\ffastrans_webui\node_components\common\logger.js125C:\dev\ffastrans_webui\server.js114node:internal/process/task_queues95
2023-03-19 01:46:45: info: [database]: ------------------------- log database startup ------------------------- C:\dev\ffastrans_webui\node_components\common\logger.js
22C:\dev\ffastrans_webui\node_components\common\logger.js
53C:\dev\ffastrans_webui\node_modules\logform\combine.js
20C:\dev\ffastrans_webui\node_modules\winston\lib\winston\logger.js
305C:\dev\ffastrans_webui\node_modules\winston\node_modules\readable-stream\lib\_stream_transform.js
177C:\dev\ffastrans_webui\node_modules\winston\node_modules\readable-stream\lib\_stream_transform.js
164C:\dev\ffastrans_webui\node_modules\winston\node_modules\readable-stream\lib\_stream_writable.js
409C:\dev\ffastrans_webui\node_modules\winston\node_modules\readable-stream\lib\_stream_writable.js
398C:\dev\ffastrans_webui\node_modules\winston\node_modules\readable-stream\lib\_stream_writable.js
307C:\dev\ffastrans_webui\node_modules\winston\lib\winston\create-logger.js
81C:\dev\ffastrans_webui\node_components\common\logger.js
126C:\dev\ffastrans_webui\node_components\common\logger.js
118C:\dev\ffastrans_webui\server.js
113node:internal/process/task_queues
95
2023-03-19 01:46:45: info: [database]: Database port:  [33m8010[39m C:\dev\ffastrans_webui\node_components\common\logger.js
22C:\dev\ffastrans_webui\node_components\common\logger.js
53C:\dev\ffastrans_webui\node_modules\logform\combine.js
20C:\dev\ffastrans_webui\node_modules\winston\lib\winston\logger.js
305C:\dev\ffastrans_webui\node_modules\winston\node_modules\readable-stream\lib\_stream_transform.js
177C:\dev\ffastrans_webui\node_modules\winston\node_modules\readable-stream\lib\_stream_transform.js
164C:\dev\ffastrans_webui\node_modules\winston\node_modules\readable-stream\lib\_stream_writable.js
409C:\dev\ffastrans_webui\node_modules\winston\node_modules\readable-stream\lib\_stream_writable.js
398C:\dev\ffastrans_webui\node_modules\winston\node_modules\readable-stream\lib\_stream_writable.js
307C:\dev\ffastrans_webui\node_modules\winston\lib\winston\create-logger.js
81C:\dev\ffastrans_webui\node_components\common\logger.js
126C:\dev\ffastrans_webui\server.js
114node:internal/process/task_queues
95
2023-03-19 01:47:04: info: [database]: ------------------------- log database startup ------------------------- C:\dev\ffastrans_webui\node_components\common\logger.js22
C:\dev\ffastrans_webui\node_components\common\logger.js53
C:\dev\ffastrans_webui\node_modules\logform\combine.js20
C:\dev\ffastrans_webui\node_modules\winston\lib\winston\logger.js305
C:\dev\ffastrans_webui\node_modules\winston\node_modules\readable-stream\lib\_stream_transform.js177
C:\dev\ffastrans_webui\node_modules\winston\node_modules\readable-stream\lib\_stream_transform.js164
C:\dev\ffastrans_webui\node_modules\winston\node_modules\readable-stream\lib\_stream_writable.js409
C:\dev\ffastrans_webui\node_modules\winston\node_modules\readable-stream\lib\_stream_writable.js398
C:\dev\ffastrans_webui\node_modules\winston\node_modules\readable-stream\lib\_stream_writable.js307
C:\dev\ffastrans_webui\node_modules\winston\lib\winston\create-logger.js81
C:\dev\ffastrans_webui\node_components\common\logger.js126
C:\dev\ffastrans_webui\node_components\common\logger.js118
C:\dev\ffastrans_webui\server.js113
node:internal/process/task_queues95

2023-03-19 01:47:04: info: [database]: Database port:  [33m8010[39m C:\dev\ffastrans_webui\node_components\common\logger.js22
C:\dev\ffastrans_webui\node_components\common\logger.js53
C:\dev\ffastrans_webui\node_modules\logform\combine.js20
C:\dev\ffastrans_webui\node_modules\winston\lib\winston\logger.js305
C:\dev\ffastrans_webui\node_modules\winston\node_modules\readable-stream\lib\_stream_transform.js177
C:\dev\ffastrans_webui\node_modules\winston\node_modules\readable-stream\lib\_stream_transform.js164
C:\dev\ffastrans_webui\node_modules\winston\node_modules\readable-stream\lib\_stream_writable.js409
C:\dev\ffastrans_webui\node_modules\winston\node_modules\readable-stream\lib\_stream_writable.js398
C:\dev\ffastrans_webui\node_modules\winston\node_modules\readable-stream\lib\_stream_writable.js307
C:\dev\ffastrans_webui\node_modules\winston\lib\winston\create-logger.js81
C:\dev\ffastrans_webui\node_components\common\logger.js126
C:\dev\ffastrans_webui\server.js114
node:internal/process/task_queues95

2023-03-19 01:49:53: info: [database]: ------------------------- log database startup -------------------------
2023-03-19 01:49:53: info: [database]: Database port:  [33m8010[39m
2023-03-19 01:51:54: info: [database]: ------------------------- log database startup -------------------------
2023-03-19 01:51:54: info: [database]: Database port:  [33m8010[39m
2023-03-19 01:53:09: info: [database]: ------------------------- log database startup -------------------------
2023-03-19 01:53:09: info: [database]: Database port:  [33m8010[39m
2023-03-19 08:55:27: info: [database]: ------------------------- log database startup -------------------------
2023-03-19 08:55:27: info: [database]: Database port:  [33m8010[39m
2023-03-19 08:55:59: info: [database]: ------------------------- log database startup -------------------------
2023-03-19 08:55:59: info: [database]: Database port:  [33m8010[39m
2023-03-19 08:56:44: info: [database]: ------------------------- log database startup -------------------------
2023-03-19 08:56:44: info: [database]: Database port:  [33m8010[39m
2023-03-19 08:59:34: info: [database]: ------------------------- log database startup -------------------------
2023-03-19 08:59:34: info: [database]: Database port:  [33m8010[39m
2023-03-19 09:20:58: info: [database]: ------------------------- log database startup -------------------------
2023-03-19 09:20:58: info: [database]: Database port:  [33m8010[39m
2023-03-19 09:31:14: info: [database]: ------------------------- log database startup -------------------------
2023-03-19 09:31:14: info: [database]: Database port:  [33m8010[39m
2023-03-19 09:31:58: info: [database]: ------------------------- log database startup -------------------------
2023-03-19 09:31:58: info: [database]: Database port:  [33m8010[39m
2023-03-19 09:32:48: info: [database]: ------------------------- log database startup -------------------------
2023-03-19 09:32:48: info: [database]: Database port:  [33m8010[39m
2023-03-19 09:34:03: info: [database]: ------------------------- log database startup -------------------------
2023-03-19 09:34:03: info: [database]: Database port:  [33m8010[39m
2023-03-19 09:40:58: info: [database]: ------------------------- log database startup -------------------------
2023-03-19 09:40:58: info: [database]: Database port:  [33m8010[39m
2023-03-19 09:42:09: info: [database]: ------------------------- log database startup -------------------------
2023-03-19 09:42:09: info: [database]: Database port:  [33m8010[39m
2023-03-19 09:46:08: info: [database]: ------------------------- log database startup -------------------------
2023-03-19 09:46:08: info: [database]: Database port:  [33m8010[39m
2023-03-19 09:48:13: info: [database]: ------------------------- log database startup -------------------------
2023-03-19 09:48:13: info: [database]: Database port:  [33m8010[39m
2023-03-19 09:48:57: info: [database]: ------------------------- log database startup -------------------------
2023-03-19 09:48:57: info: [database]: Database port:  [33m8010[39m
2023-03-19 09:49:44: info: [database]: ------------------------- log database startup -------------------------
2023-03-19 09:49:44: info: [database]: Database port:  [33m8010[39m
2023-03-19 09:53:45: info: [database]: ------------------------- log database startup -------------------------
2023-03-19 09:53:45: info: [database]: Database port:  [33m8010[39m
2023-03-19 10:00:26: info: [database]: ------------------------- log database startup -------------------------
2023-03-19 10:00:26: info: [database]: Database port:  [33m8010[39m
2023-03-19 10:00:30: error: [database]: uncaughtException: i is not defined
ReferenceError: i is not defined
    at Request._callback (C:\dev\ffastrans_webui\node_components\cron_tasks\jobfetcher.js:212:33)
    at self.callback (C:\dev\ffastrans_webui\node_modules\request\request.js:185:22)
    at Request.emit (node:events:513:28)
    at Request.<anonymous> (C:\dev\ffastrans_webui\node_modules\request\request.js:1161:10)
    at Request.emit (node:events:513:28)
    at IncomingMessage.<anonymous> (C:\dev\ffastrans_webui\node_modules\request\request.js:1083:12)
    at Object.onceWrapper (node:events:627:28)
    at IncomingMessage.emit (node:events:525:35)
    at endReadableNT (node:internal/streams/readable:1359:12)
    at process.processTicksAndRejections (node:internal/process/task_queues:82:21)
2023-03-19 10:00:57: info: [database]: ------------------------- log database startup -------------------------
2023-03-19 10:00:57: info: [database]: Database port:  [33m8010[39m
2023-03-19 10:01:00: error: [database]: uncaughtException: i is not defined
ReferenceError: i is not defined
    at Request._callback (C:\dev\ffastrans_webui\node_components\cron_tasks\jobfetcher.js:212:33)
    at self.callback (C:\dev\ffastrans_webui\node_modules\request\request.js:185:22)
    at Request.emit (node:events:513:28)
    at Request.<anonymous> (C:\dev\ffastrans_webui\node_modules\request\request.js:1161:10)
    at Request.emit (node:events:513:28)
    at IncomingMessage.<anonymous> (C:\dev\ffastrans_webui\node_modules\request\request.js:1083:12)
    at Object.onceWrapper (node:events:627:28)
    at IncomingMessage.emit (node:events:525:35)
    at endReadableNT (node:internal/streams/readable:1359:12)
    at process.processTicksAndRejections (node:internal/process/task_queues:82:21)
2023-03-19 10:01:21: info: [database]: ------------------------- log database startup -------------------------
2023-03-19 10:01:21: info: [database]: Database port:  [33m8010[39m
2023-03-19 10:01:25: error: [database]: uncaughtException: i is not defined
ReferenceError: i is not defined
    at Request._callback (C:\dev\ffastrans_webui\node_components\cron_tasks\jobfetcher.js:212:33)
    at self.callback (C:\dev\ffastrans_webui\node_modules\request\request.js:185:22)
    at Request.emit (node:events:513:28)
    at Request.<anonymous> (C:\dev\ffastrans_webui\node_modules\request\request.js:1161:10)
    at Request.emit (node:events:513:28)
    at IncomingMessage.<anonymous> (C:\dev\ffastrans_webui\node_modules\request\request.js:1083:12)
    at Object.onceWrapper (node:events:627:28)
    at IncomingMessage.emit (node:events:525:35)
    at endReadableNT (node:internal/streams/readable:1359:12)
    at process.processTicksAndRejections (node:internal/process/task_queues:82:21)
2023-03-19 10:02:43: info: [database]: ------------------------- log database startup -------------------------
2023-03-19 10:02:43: info: [database]: Database port:  [33m8010[39m
2023-03-19 10:09:00: info: [database]: ------------------------- log database startup -------------------------
2023-03-19 10:09:00: info: [database]: Database port:  [33m8010[39m
2023-03-19 10:09:47: info: [database]: ------------------------- log database startup -------------------------
2023-03-19 10:09:47: info: [database]: Database port:  [33m8010[39m
2023-03-19 10:13:12: info: [database]: ------------------------- log database startup -------------------------
2023-03-19 10:13:12: info: [database]: Database port:  [33m8010[39m
2023-03-19 10:13:57: info: [database]: ------------------------- log database startup -------------------------
2023-03-19 10:13:57: info: [database]: Database port:  [33m8010[39m
2023-03-19 10:58:02: info: [database]: ------------------------- log database startup -------------------------
2023-03-19 10:58:02: info: [database]: Database port:  [33m8010[39m
2023-03-19 10:58:47: info: [database]: ------------------------- log database startup -------------------------
2023-03-19 10:58:47: info: [database]: Database port:  [33m8010[39m
2023-03-19 11:13:58: info: [database]: ------------------------- log database startup -------------------------
2023-03-19 11:13:58: info: [database]: Database port:  [33m8010[39m
2023-03-19 11:17:51: info: [database]: ------------------------- log database startup -------------------------
2023-03-19 11:17:51: info: [database]: Database port:  [33m8010[39m
2023-03-19 11:33:47: info: [database]: ------------------------- log database startup -------------------------
2023-03-19 11:33:47: info: [database]: Database port:  [33m8010[39m
2023-03-19 11:33:50: error: [database]: uncaughtException: Cannot read properties of undefined (reading 'emit')
TypeError: Cannot read properties of undefined (reading 'emit')
    at Request._callback (C:\dev\ffastrans_webui\node_components\cron_tasks\jobfetcher.js:156:29)
    at self.callback (C:\dev\ffastrans_webui\node_modules\request\request.js:185:22)
    at Request.emit (node:events:513:28)
    at Request.onRequestError (C:\dev\ffastrans_webui\node_modules\request\request.js:881:8)
    at ClientRequest.emit (node:events:525:35)
    at Socket.socketErrorListener (node:_http_client:502:9)
    at Socket.emit (node:events:513:28)
    at emitErrorNT (node:internal/streams/destroy:151:8)
    at emitErrorCloseNT (node:internal/streams/destroy:116:3)
    at process.processTicksAndRejections (node:internal/process/task_queues:82:21)
2023-03-19 11:34:07: info: [database]: ------------------------- log database startup -------------------------
2023-03-19 11:34:07: info: [database]: Database port:  [33m8010[39m
2023-03-19 11:35:11: info: [database]: ------------------------- log database startup -------------------------
2023-03-19 11:35:11: info: [database]: Database port:  [33m8010[39m
2023-03-19 11:36:09: info: [database]: ------------------------- log database startup -------------------------
2023-03-19 11:36:09: info: [database]: Database port:  [33m8010[39m
2023-03-19 11:37:10: info: [database]: ------------------------- log database startup -------------------------
2023-03-19 11:37:10: info: [database]: Database port:  [33m8010[39m
2023-03-19 11:38:30: info: [database]: ------------------------- log database startup -------------------------
2023-03-19 11:38:30: info: [database]: Database port:  [33m8010[39m
2023-03-19 11:46:07: info: [database]: ------------------------- log database startup -------------------------
2023-03-19 11:46:07: info: [database]: Database port:  [33m8010[39m
2023-03-19 11:46:41: info: [database]: ------------------------- log database startup -------------------------
2023-03-19 11:46:41: info: [database]: Database port:  [33m8010[39m
2023-03-19 11:47:34: info: [database]: ------------------------- log database startup -------------------------
2023-03-19 11:47:34: info: [database]: Database port:  [33m8010[39m
2023-03-19 11:48:35: info: [database]: ------------------------- log database startup -------------------------
2023-03-19 11:48:45: info: [database]: ------------------------- log database startup -------------------------
2023-03-19 11:48:45: info: [database]: Database port:  [33m8010[39m
2023-03-19 11:48:50: error: [database]: uncaughtException: i is not defined
ReferenceError: i is not defined
    at Request._callback (C:\dev\ffastrans_webui\node_components\cron_tasks\jobfetcher.js:204:33)
    at self.callback (C:\dev\ffastrans_webui\node_modules\request\request.js:185:22)
    at Request.emit (node:events:513:28)
    at Request.<anonymous> (C:\dev\ffastrans_webui\node_modules\request\request.js:1161:10)
    at Request.emit (node:events:513:28)
    at IncomingMessage.<anonymous> (C:\dev\ffastrans_webui\node_modules\request\request.js:1083:12)
    at Object.onceWrapper (node:events:627:28)
    at IncomingMessage.emit (node:events:525:35)
    at endReadableNT (node:internal/streams/readable:1359:12)
    at process.processTicksAndRejections (node:internal/process/task_queues:82:21)
2023-03-19 11:55:34: info: [database]: ------------------------- log database startup -------------------------
2023-03-19 11:55:34: info: [database]: Database port:  [33m8010[39m
2023-03-19 11:57:23: info: [database]: ------------------------- log database startup -------------------------
2023-03-19 11:57:23: info: [database]: Database port:  [33m8010[39m
2023-03-19 12:07:35: info: [database]: ------------------------- log database startup -------------------------
2023-03-19 12:07:35: info: [database]: Database port:  [33m8010[39m
2023-03-19 12:08:38: info: [database]: ------------------------- log database startup -------------------------
2023-03-19 12:08:38: info: [database]: Database port:  [33m8010[39m
2023-03-19 12:09:27: info: [database]: ------------------------- log database startup -------------------------
2023-03-19 12:09:27: info: [database]: Database port:  [33m8010[39m
2023-03-19 12:11:29: info: [database]: ------------------------- log database startup -------------------------
2023-03-19 12:11:29: info: [database]: Database port:  [33m8010[39m
2023-03-19 12:12:17: info: [database]: ------------------------- log database startup -------------------------
2023-03-19 12:12:17: info: [database]: Database port:  [33m8010[39m
2023-03-19 13:11:01: info: [database]: ------------------------- log database startup -------------------------
2023-03-19 13:11:01: info: [database]: Database port:  [33m8010[39m
2023-03-19 13:15:58: info: [database]: ------------------------- log database startup -------------------------
2023-03-19 13:15:58: info: [database]: Database port:  [33m8010[39m
2023-03-19 13:16:52: info: [database]: ------------------------- log database startup -------------------------
2023-03-19 13:16:52: info: [database]: Database port:  [33m8010[39m
2023-03-19 13:24:48: info: [database]: ------------------------- log database startup -------------------------
2023-03-19 13:24:48: info: [database]: Database port:  [33m8010[39m
2023-03-19 13:25:44: info: [database]: ------------------------- log database startup -------------------------
2023-03-19 13:25:44: info: [database]: Database port:  [33m8010[39m
2023-03-19 13:27:49: info: [database]: ------------------------- log database startup -------------------------
2023-03-19 13:27:49: info: [database]: Database port:  [33m8010[39m
2023-03-19 13:28:28: info: [database]: ------------------------- log database startup -------------------------
2023-03-19 13:28:28: info: [database]: Database port:  [33m8010[39m
2023-03-19 13:30:12: info: [database]: ------------------------- log database startup -------------------------
2023-03-19 13:30:12: info: [database]: Database port:  [33m8010[39m
2023-03-19 13:30:52: info: [database]: ------------------------- log database startup -------------------------
2023-03-19 13:30:52: info: [database]: Database port:  [33m8010[39m
2023-03-19 13:33:08: info: [database]: ------------------------- log database startup -------------------------
2023-03-19 13:33:08: info: [database]: Database port:  [33m8010[39m
2023-03-19 21:01:37: info: [database]: ------------------------- log database startup -------------------------
2023-03-19 21:01:37: info: [database]: Database port:  [33m8010[39m
2023-03-19 21:59:46: info: [database]: ------------------------- log database startup -------------------------
2023-03-19 21:59:46: info: [database]: Database port:  [33m8010[39m
2023-03-20 21:19:57: info: [database]: ------------------------- log database startup -------------------------
2023-03-20 21:19:57: info: [database]: Database port:  [33m8010[39m
2023-03-20 21:32:19: info: [database]: ------------------------- log database startup -------------------------
2023-03-20 21:32:19: info: [database]: Database port:  [33m8010[39m
2023-03-20 21:33:40: info: [database]: ------------------------- log database startup -------------------------
2023-03-20 21:33:40: info: [database]: Database port:  [33m8010[39m
2023-03-20 21:47:46: info: [database]: ------------------------- log database startup -------------------------
2023-03-20 21:47:46: info: [database]: Database port:  [33m8010[39m
2023-03-20 21:48:45: info: [database]: ------------------------- log database startup -------------------------
2023-03-20 21:48:45: info: [database]: Database port:  [33m8010[39m
2023-03-20 21:49:32: info: [database]: ------------------------- log database startup -------------------------
2023-03-20 21:49:32: info: [database]: Database port:  [33m8010[39m
2023-03-20 21:49:53: info: [database]: ------------------------- log database startup -------------------------
2023-03-20 21:49:53: info: [database]: Database port:  [33m8010[39m
2023-03-21 12:06:02: error: [database]: uncaughtException: global.db.jobs.find(...).exec is not a function
TypeError: global.db.jobs.find(...).exec is not a function
    at Object.deletealljobs (C:\dev\ffastrans_webui\node_components\jobcontrol_socketio.js:52:33)
    at Socket.<anonymous> (C:\dev\ffastrans_webui\server.js:467:16)
    at Socket.emit (node:events:513:28)
    at Socket.onevent (C:\dev\ffastrans_webui\node_modules\socketio-wildcard\index.js:13:10)
    at Socket._onpacket (C:\dev\ffastrans_webui\node_modules\socket.io\dist\socket.js:356:22)
    at C:\dev\ffastrans_webui\node_modules\socket.io\dist\client.js:214:24
    at process.processTicksAndRejections (node:internal/process/task_queues:77:11)
2023-03-21 12:13:29: info: [database]: ------------------------- log database startup -------------------------
2023-03-21 12:13:29: info: [database]: Database port:  [33m8010[39m
2023-03-22 00:04:43: info: [database]: ------------------------- log database startup -------------------------
2023-03-22 00:04:43: info: [database]: Database port:  [33m8010[39m
2023-03-22 00:35:43: info: [database]: ------------------------- log database startup -------------------------
2023-03-22 00:35:43: info: [database]: Database port:  [33m8010[39m
2023-03-22 00:37:06: info: [database]: ------------------------- log database startup -------------------------
2023-03-22 00:37:06: info: [database]: Database port:  [33m8010[39m
2023-03-22 00:50:07: info: [database]: ------------------------- log database startup -------------------------
2023-03-22 00:50:07: info: [database]: Database port:  [33m8010[39m
2023-03-22 00:51:02: info: [database]: ------------------------- log database startup -------------------------
2023-03-22 00:51:02: info: [database]: Database port:  [33m8010[39m
2023-03-22 00:51:39: info: [database]: ------------------------- log database startup -------------------------
2023-03-22 00:51:39: info: [database]: Database port:  [33m8010[39m
2023-03-22 00:53:13: info: [database]: ------------------------- log database startup -------------------------
2023-03-22 00:53:13: info: [database]: Database port:  [33m8010[39m
2023-03-22 00:54:47: info: [database]: ------------------------- log database startup -------------------------
2023-03-22 00:54:47: info: [database]: Database port:  [33m8010[39m
2023-03-22 00:56:16: info: [database]: ------------------------- log database startup -------------------------
2023-03-22 00:56:16: info: [database]: Database port:  [33m8010[39m
2023-03-22 00:56:49: info: [database]: ------------------------- log database startup -------------------------
2023-03-22 00:56:49: info: [database]: Database port:  [33m8010[39m
2023-03-22 00:57:26: info: [database]: ------------------------- log database startup -------------------------
2023-03-22 00:57:26: info: [database]: Database port:  [33m8010[39m
2023-03-22 00:58:07: info: [database]: ------------------------- log database startup -------------------------
2023-03-22 00:58:07: info: [database]: Database port:  [33m8010[39m
2023-03-22 00:58:52: info: [database]: ------------------------- log database startup -------------------------
2023-03-22 00:58:52: info: [database]: Database port:  [33m8010[39m
2023-03-22 00:59:39: info: [database]: ------------------------- log database startup -------------------------
2023-03-22 00:59:39: info: [database]: Database port:  [33m8010[39m
2023-03-22 01:03:01: info: [database]: ------------------------- log database startup -------------------------
2023-03-22 01:03:01: info: [database]: Database port:  [33m8010[39m
2023-03-22 01:03:22: info: [database]: ------------------------- log database startup -------------------------
2023-03-22 01:03:22: info: [database]: Database port:  [33m8010[39m
2023-03-22 01:04:45: info: [database]: ------------------------- log database startup -------------------------
2023-03-22 01:04:45: info: [database]: Database port:  [33m8010[39m
2023-03-22 01:05:09: info: [database]: ------------------------- log database startup -------------------------
2023-03-22 01:05:09: info: [database]: Database port:  [33m8010[39m
2023-03-22 01:06:16: info: [database]: ------------------------- log database startup -------------------------
2023-03-22 01:06:16: info: [database]: Database port:  [33m8010[39m
2023-03-22 01:07:14: info: [database]: ------------------------- log database startup -------------------------
2023-03-22 01:07:14: info: [database]: Database port:  [33m8010[39m
2023-03-22 01:07:29: info: [database]: ------------------------- log database startup -------------------------
2023-03-22 01:07:29: info: [database]: Database port:  [33m8010[39m
2023-03-22 01:08:12: info: [database]: ------------------------- log database startup -------------------------
2023-03-22 01:08:12: info: [database]: Database port:  [33m8010[39m
2023-03-22 01:09:04: info: [database]: ------------------------- log database startup -------------------------
2023-03-22 01:09:04: info: [database]: Database port:  [33m8010[39m
2023-03-22 01:10:19: info: [database]: ------------------------- log database startup -------------------------
2023-03-22 01:10:19: info: [database]: Database port:  [33m8010[39m
2023-03-22 12:19:31: info: [database]: ------------------------- log database startup -------------------------
2023-03-22 12:19:31: info: [database]: Database port:  [33m8010[39m
2023-03-25 12:57:53: info: [database]: ------------------------- log database startup -------------------------
2023-03-25 12:57:53: info: [database]: Database port:  [33m8010[39m
2023-03-25 13:06:17: info: [database]: ------------------------- log database startup -------------------------
2023-03-25 13:06:17: info: [database]: Database port:  [33m8010[39m
2023-03-25 13:08:12: info: [database]: ------------------------- log database startup -------------------------
2023-03-25 13:08:12: info: [database]: Database port:  [33m8010[39m
2023-03-25 13:09:52: info: [database]: ------------------------- log database startup -------------------------
2023-03-25 13:09:52: info: [database]: Database port:  [33m8010[39m
2023-03-25 13:11:01: info: [database]: ------------------------- log database startup -------------------------
2023-03-25 13:11:01: info: [database]: Database port:  [33m8010[39m
2023-03-25 13:12:28: info: [database]: ------------------------- log database startup -------------------------
2023-03-25 13:12:28: info: [database]: Database port:  [33m8010[39m
2023-03-25 13:13:17: info: [database]: ------------------------- log database startup -------------------------
2023-03-25 13:13:17: info: [database]: Database port:  [33m8010[39m
2023-03-25 13:14:34: info: [database]: ------------------------- log database startup -------------------------
2023-03-25 13:14:34: info: [database]: Database port:  [33m8010[39m
2023-03-25 13:15:26: info: [database]: ------------------------- log database startup -------------------------
2023-03-25 13:15:26: info: [database]: Database port:  [33m8010[39m
2023-03-25 13:15:46: info: [database]: ------------------------- log database startup -------------------------
2023-03-25 13:15:46: info: [database]: Database port:  [33m8010[39m
2023-03-25 13:16:40: info: [database]: ------------------------- log database startup -------------------------
2023-03-25 13:16:40: info: [database]: Database port:  [33m8010[39m
2023-03-25 13:17:25: info: [database]: ------------------------- log database startup -------------------------
2023-03-25 13:17:25: info: [database]: Database port:  [33m8010[39m
2023-03-25 13:19:41: info: [database]: ------------------------- log database startup -------------------------
2023-03-25 13:19:41: info: [database]: Database port:  [33m8010[39m
2023-03-25 13:23:10: info: [database]: ------------------------- log database startup -------------------------
2023-03-25 13:23:10: info: [database]: Database port:  [33m8010[39m
2023-03-25 14:44:13: info: [database]: ------------------------- log database startup -------------------------
2023-03-25 14:44:13: info: [database]: Database port:  [33m8010[39m
2023-03-25 21:40:52: info: [database]: ------------------------- log database startup -------------------------
2023-03-25 21:40:52: info: [database]: Database port:  [33m8010[39m
2023-03-25 21:40:55: error: [database]: uncaughtException: Cannot read properties of undefined (reading 'emit')
TypeError: Cannot read properties of undefined (reading 'emit')
    at Request._callback (C:\dev\ffastrans_webui\node_components\cron_tasks\jobfetcher.js:118:29)
    at self.callback (C:\dev\ffastrans_webui\node_modules\request\request.js:185:22)
    at Request.emit (node:events:513:28)
    at Request.onRequestError (C:\dev\ffastrans_webui\node_modules\request\request.js:881:8)
    at ClientRequest.emit (node:events:525:35)
    at Socket.socketErrorListener (node:_http_client:502:9)
    at Socket.emit (node:events:513:28)
    at emitErrorNT (node:internal/streams/destroy:151:8)
    at emitErrorCloseNT (node:internal/streams/destroy:116:3)
    at process.processTicksAndRejections (node:internal/process/task_queues:82:21)
2023-03-25 21:40:55: error: [database]: uncaughtException: Cannot read properties of undefined (reading 'emit')
TypeError: Cannot read properties of undefined (reading 'emit')
    at Request._callback (C:\dev\ffastrans_webui\node_components\cron_tasks\jobfetcher.js:118:29)
    at self.callback (C:\dev\ffastrans_webui\node_modules\request\request.js:185:22)
    at Request.emit (node:events:513:28)
    at Request.onRequestError (C:\dev\ffastrans_webui\node_modules\request\request.js:881:8)
    at ClientRequest.emit (node:events:525:35)
    at Socket.socketErrorListener (node:_http_client:502:9)
    at Socket.emit (node:events:513:28)
    at emitErrorNT (node:internal/streams/destroy:151:8)
    at emitErrorCloseNT (node:internal/streams/destroy:116:3)
    at process.processTicksAndRejections (node:internal/process/task_queues:82:21)
2023-03-25 21:41:09: info: [database]: ------------------------- log database startup -------------------------
2023-03-25 21:41:09: info: [database]: Database port:  [33m8010[39m
2023-03-25 21:41:14: error: [database]: uncaughtException: Cannot set headers after they are sent to the client
Error [ERR_HTTP_HEADERS_SENT]: Cannot set headers after they are sent to the client
    at new NodeError (node:internal/errors:399:5)
    at ServerResponse.setHeader (node:_http_outgoing:663:11)
    at setHeadersFromObject (C:\dev\ffastrans_webui\node_modules\on-headers\index.js:94:16)
    at ServerResponse.setWriteHeadHeaders (C:\dev\ffastrans_webui\node_modules\on-headers\index.js:122:5)
    at ServerResponse.writeHead (C:\dev\ffastrans_webui\node_modules\on-headers\index.js:30:36)
    at ChildProcess.<anonymous> (C:\dev\ffastrans_webui\node_components\filebrowser.js:127:25)
    at ChildProcess.emit (node:events:513:28)
    at ChildProcess._handle.onexit (node:internal/child_process:291:12)
    at Process.callbackTrampoline (node:internal/async_hooks:130:17)
2023-03-25 22:17:06: info: [database]: ------------------------- log database startup -------------------------
2023-03-25 22:17:06: info: [database]: Database port:  [33m8010[39m
2023-03-25 22:17:12: error: [database]: uncaughtException: Unknown encoding: 1
TypeError [ERR_UNKNOWN_ENCODING]: Unknown encoding: 1
    at new NodeError (node:internal/errors:399:5)
    at _write (node:internal/streams/writable:296:13)
    at Writable.write (node:internal/streams/writable:337:10)
    at ServerResponse._writeRaw (node:_http_outgoing:428:17)
    at ServerResponse._send (node:_http_outgoing:377:15)
    at write_ (node:_http_outgoing:905:9)
    at ServerResponse.write (node:_http_outgoing:827:15)
    at ChildProcess.<anonymous> (C:\dev\ffastrans_webui\node_components\filebrowser.js:125:25)
    at ChildProcess.emit (node:events:513:28)
    at ChildProcess._handle.onexit (node:internal/child_process:291:12)
    at Process.callbackTrampoline (node:internal/async_hooks:130:17)
2023-03-26 09:16:20: info: [database]: ------------------------- log database startup -------------------------
2023-03-26 09:16:20: info: [database]: Database port:  [33m8010[39m
2023-03-26 09:16:26: error: [database]: uncaughtException: Unknown encoding: 1
TypeError [ERR_UNKNOWN_ENCODING]: Unknown encoding: 1
    at new NodeError (node:internal/errors:399:5)
    at _write (node:internal/streams/writable:296:13)
    at Writable.write (node:internal/streams/writable:337:10)
    at ServerResponse._writeRaw (node:_http_outgoing:428:17)
    at ServerResponse._send (node:_http_outgoing:377:15)
    at write_ (node:_http_outgoing:905:9)
    at ServerResponse.write (node:_http_outgoing:827:15)
    at ChildProcess.<anonymous> (C:\dev\ffastrans_webui\node_components\filebrowser.js:125:25)
    at ChildProcess.emit (node:events:513:28)
    at ChildProcess._handle.onexit (node:internal/child_process:291:12)
    at Process.callbackTrampoline (node:internal/async_hooks:130:17)
2023-03-26 09:18:02: info: [database]: ------------------------- log database startup -------------------------
2023-03-26 09:18:02: info: [database]: Database port:  [33m8010[39m
2023-03-26 09:18:07: error: [database]: uncaughtException: Cannot read properties of undefined (reading 'stack')
TypeError: Cannot read properties of undefined (reading 'stack')
    at process.<anonymous> (C:\dev\ffastrans_webui\server.js:51:16)
    at process.emit (node:events:513:28)
    at emit (node:internal/process/promises:149:20)
    at processPromiseRejections (node:internal/process/promises:283:27)
    at process.processTicksAndRejections (node:internal/process/task_queues:96:32)
